Started GET "/" for ::1 at 2019-10-07 13:24:00 -0700

PG::ConnectionBad - FATAL:  database "facebook_development" does not exist
:

Started POST "/__better_errors/ddc71731cdadecf3/variables" for ::1 at 2019-10-07 13:24:00 -0700
  [1m[35m (474.5ms)[0m  [1m[35mCREATE DATABASE "facebook_development" ENCODING = 'unicode'[0m
  ↳ bin/rails:9
  [1m[35m (431.4ms)[0m  [1m[35mCREATE DATABASE "facebook_test" ENCODING = 'unicode'[0m
  ↳ bin/rails:9
Started GET "/" for ::1 at 2019-10-07 13:24:44 -0700
Processing by StaticPagesController#root as HTML
  Rendering static_pages/root.html.erb within layouts/application
  Rendered static_pages/root.html.erb within layouts/application (0.7ms)
Completed 200 OK in 859ms (Views: 858.1ms | ActiveRecord: 0.0ms)


  [1m[35m (64.2ms)[0m  [1m[35mCREATE TABLE "schema_migrations" ("version" character varying NOT NULL PRIMARY KEY)[0m
  ↳ bin/rails:9
  [1m[35m (43.6ms)[0m  [1m[35mCREATE TABLE "ar_internal_metadata" ("key" character varying NOT NULL PRIMARY KEY, "value" character varying, "created_at" timestamp NOT NULL, "updated_at" timestamp NOT NULL)[0m
  ↳ bin/rails:9
  [1m[35m (0.5ms)[0m  [1m[34mSELECT pg_try_advisory_lock(8130582414369199050)[0m
  ↳ bin/rails:9
  [1m[35m (1.0ms)[0m  [1m[34mSELECT "schema_migrations"."version" FROM "schema_migrations" ORDER BY "schema_migrations"."version" ASC[0m
  ↳ bin/rails:9
Migrating to CreateUsers (20191007203024)
  [1m[35m (0.1ms)[0m  [1m[35mBEGIN[0m
  ↳ bin/rails:9
  [1m[35m (40.1ms)[0m  [1m[35mCREATE TABLE "users" ("id" bigserial primary key, "email" character varying NOT NULL, "password_digest" character varying NOT NULL, "session_token" character varying NOT NULL, "created_at" timestamp NOT NULL, "updated_at" timestamp NOT NULL)[0m
  ↳ db/migrate/20191007203024_create_users.rb:3
  [1m[35m (2.0ms)[0m  [1m[35mCREATE UNIQUE INDEX  "index_users_on_email" ON "users"  ("email")[0m
  ↳ db/migrate/20191007203024_create_users.rb:10
  [1m[35m (0.7ms)[0m  [1m[35mCREATE UNIQUE INDEX  "index_users_on_session_token" ON "users"  ("session_token")[0m
  ↳ db/migrate/20191007203024_create_users.rb:11
  [1m[36mActiveRecord::SchemaMigration Create (0.3ms)[0m  [1m[32mINSERT INTO "schema_migrations" ("version") VALUES ($1) RETURNING "version"[0m  [["version", "20191007203024"]]
  ↳ bin/rails:9
  [1m[35m (0.4ms)[0m  [1m[35mCOMMIT[0m
  ↳ bin/rails:9
  [1m[36mActiveRecord::InternalMetadata Load (0.5ms)[0m  [1m[34mSELECT  "ar_internal_metadata".* FROM "ar_internal_metadata" WHERE "ar_internal_metadata"."key" = $1 LIMIT $2[0m  [["key", "environment"], ["LIMIT", 1]]
  ↳ bin/rails:9
  [1m[35m (0.1ms)[0m  [1m[35mBEGIN[0m
  ↳ bin/rails:9
  [1m[36mActiveRecord::InternalMetadata Create (0.3ms)[0m  [1m[32mINSERT INTO "ar_internal_metadata" ("key", "value", "created_at", "updated_at") VALUES ($1, $2, $3, $4) RETURNING "key"[0m  [["key", "environment"], ["value", "development"], ["created_at", "2019-10-07 20:38:00.438991"], ["updated_at", "2019-10-07 20:38:00.438991"]]
  ↳ bin/rails:9
  [1m[35m (0.3ms)[0m  [1m[35mCOMMIT[0m
  ↳ bin/rails:9
  [1m[35m (0.2ms)[0m  [1m[34mSELECT pg_advisory_unlock(8130582414369199050)[0m
  ↳ bin/rails:9
  [1m[35m (0.2ms)[0m  [1m[34mSELECT "schema_migrations"."version" FROM "schema_migrations" ORDER BY "schema_migrations"."version" ASC[0m
  ↳ bin/rails:9
Started GET "/" for ::1 at 2019-10-07 13:42:55 -0700
  [1m[35m (0.5ms)[0m  [1m[34mSELECT "schema_migrations"."version" FROM "schema_migrations" ORDER BY "schema_migrations"."version" ASC[0m
  ↳ /Users/patrickmondala/.rbenv/versions/2.5.1/lib/ruby/gems/2.5.0/gems/activerecord-5.2.3/lib/active_record/log_subscriber.rb:98
Processing by StaticPagesController#root as HTML
  Rendering static_pages/root.html.erb within layouts/application
  Rendered static_pages/root.html.erb within layouts/application (0.5ms)
Completed 200 OK in 393ms (Views: 391.4ms | ActiveRecord: 0.0ms)


Started GET "/" for ::1 at 2019-10-07 13:54:36 -0700
  [1m[35m (0.7ms)[0m  [1m[34mSELECT "schema_migrations"."version" FROM "schema_migrations" ORDER BY "schema_migrations"."version" ASC[0m
  ↳ /Users/patrickmondala/.rbenv/versions/2.5.1/lib/ruby/gems/2.5.0/gems/activerecord-5.2.3/lib/active_record/log_subscriber.rb:98
Processing by StaticPagesController#root as HTML
  Rendering static_pages/root.html.erb within layouts/application
  Rendered static_pages/root.html.erb within layouts/application (0.3ms)
Completed 200 OK in 235ms (Views: 233.1ms | ActiveRecord: 0.0ms)


Started POST "/api/user" for ::1 at 2019-10-07 13:55:25 -0700
Processing by Api::UsersController#create as JSON
  Parameters: {"user"=>{"email"=>"1234", "password"=>"[FILTERED]"}}
  [1m[36mUser Load (42.3ms)[0m  [1m[34mSELECT  "users".* FROM "users" WHERE "users"."session_token" = $1 LIMIT $2[0m  [["session_token", "86labbqmoP3FwyeKySPzTw"], ["LIMIT", 1]]
  ↳ app/models/user.rb:43
  [1m[35m (0.1ms)[0m  [1m[35mBEGIN[0m
  ↳ app/controllers/api/users_controller.rb:5
  [1m[36mUser Exists (0.3ms)[0m  [1m[34mSELECT  1 AS one FROM "users" WHERE "users"."email" = $1 LIMIT $2[0m  [["email", "1234"], ["LIMIT", 1]]
  ↳ app/controllers/api/users_controller.rb:5
  [1m[36mUser Create (1.7ms)[0m  [1m[32mINSERT INTO "users" ("email", "password_digest", "session_token", "created_at", "updated_at") VALUES ($1, $2, $3, $4, $5) RETURNING "id"[0m  [["email", "1234"], ["password_digest", "$2a$12$3H2/hC.yEuwhdz8Py0KZU.WzEXnyiUqdlchec06lBk5wedmG2dqoC"], ["session_token", "86labbqmoP3FwyeKySPzTw"], ["created_at", "2019-10-07 20:55:26.050180"], ["updated_at", "2019-10-07 20:55:26.050180"]]
  ↳ app/controllers/api/users_controller.rb:5
  [1m[35m (0.3ms)[0m  [1m[35mCOMMIT[0m
  ↳ app/controllers/api/users_controller.rb:5
  [1m[36mUser Load (0.3ms)[0m  [1m[34mSELECT  "users".* FROM "users" WHERE "users"."session_token" = $1 LIMIT $2[0m  [["session_token", "GXjvg37vYTWWPnNNxPoxFg"], ["LIMIT", 1]]
  ↳ app/models/user.rb:43
  [1m[35m (0.1ms)[0m  [1m[35mBEGIN[0m
  ↳ app/models/user.rb:27
  [1m[36mUser Exists (0.3ms)[0m  [1m[34mSELECT  1 AS one FROM "users" WHERE "users"."email" = $1 AND "users"."id" != $2 LIMIT $3[0m  [["email", "1234"], ["id", 1], ["LIMIT", 1]]
  ↳ app/models/user.rb:27
  [1m[36mUser Update (0.3ms)[0m  [1m[33mUPDATE "users" SET "session_token" = $1, "updated_at" = $2 WHERE "users"."id" = $3[0m  [["session_token", "GXjvg37vYTWWPnNNxPoxFg"], ["updated_at", "2019-10-07 20:55:26.055292"], ["id", 1]]
  ↳ app/models/user.rb:27
  [1m[35m (0.3ms)[0m  [1m[35mCOMMIT[0m
  ↳ app/models/user.rb:27
  Rendering api/users/show.json.jbuilder
  Rendered api/users/_user.json.jbuilder (0.2ms)
  Rendered api/users/show.json.jbuilder (1.5ms)
Completed 200 OK in 261ms (Views: 6.4ms | ActiveRecord: 52.9ms)


Started POST "/api/session" for ::1 at 2019-10-07 13:55:41 -0700
Processing by Api::SessionsController#create as JSON
  Parameters: {"user"=>{"email"=>"1234", "password"=>"[FILTERED]"}}
  [1m[36mUser Load (0.2ms)[0m  [1m[34mSELECT  "users".* FROM "users" WHERE "users"."email" = $1 LIMIT $2[0m  [["email", "1234"], ["LIMIT", 1]]
  ↳ app/models/user.rb:11
  [1m[36mUser Load (0.3ms)[0m  [1m[34mSELECT  "users".* FROM "users" WHERE "users"."session_token" = $1 LIMIT $2[0m  [["session_token", "hChXpdhy9n2KEQSayuQsQw"], ["LIMIT", 1]]
  ↳ app/models/user.rb:43
  [1m[35m (0.1ms)[0m  [1m[35mBEGIN[0m
  ↳ app/models/user.rb:27
  [1m[36mUser Exists (0.3ms)[0m  [1m[34mSELECT  1 AS one FROM "users" WHERE "users"."email" = $1 AND "users"."id" != $2 LIMIT $3[0m  [["email", "1234"], ["id", 1], ["LIMIT", 1]]
  ↳ app/models/user.rb:27
  [1m[36mUser Update (1.0ms)[0m  [1m[33mUPDATE "users" SET "session_token" = $1, "updated_at" = $2 WHERE "users"."id" = $3[0m  [["session_token", "hChXpdhy9n2KEQSayuQsQw"], ["updated_at", "2019-10-07 20:55:42.163271"], ["id", 1]]
  ↳ app/models/user.rb:27
  [1m[35m (6.9ms)[0m  [1m[35mCOMMIT[0m
  ↳ app/models/user.rb:27
  Rendering api/users/show.json.jbuilder
  Rendered api/users/_user.json.jbuilder (0.2ms)
  Rendered api/users/show.json.jbuilder (1.0ms)
Completed 200 OK in 196ms (Views: 4.7ms | ActiveRecord: 8.9ms)


Started DELETE "/api/session" for ::1 at 2019-10-07 13:55:49 -0700
Processing by Api::SessionsController#destroy as JSON
  [1m[36mUser Load (0.4ms)[0m  [1m[34mSELECT  "users".* FROM "users" WHERE "users"."session_token" = $1 LIMIT $2[0m  [["session_token", "hChXpdhy9n2KEQSayuQsQw"], ["LIMIT", 1]]
  ↳ app/controllers/application_controller.rb:8
  [1m[36mUser Load (0.4ms)[0m  [1m[34mSELECT  "users".* FROM "users" WHERE "users"."session_token" = $1 LIMIT $2[0m  [["session_token", "-RDgviFwz7YKlW7qdyeDKw"], ["LIMIT", 1]]
  ↳ app/models/user.rb:43
  [1m[35m (0.1ms)[0m  [1m[35mBEGIN[0m
  ↳ app/models/user.rb:27
  [1m[36mUser Exists (0.5ms)[0m  [1m[34mSELECT  1 AS one FROM "users" WHERE "users"."email" = $1 AND "users"."id" != $2 LIMIT $3[0m  [["email", "1234"], ["id", 1], ["LIMIT", 1]]
  ↳ app/models/user.rb:27
  [1m[36mUser Update (0.5ms)[0m  [1m[33mUPDATE "users" SET "session_token" = $1, "updated_at" = $2 WHERE "users"."id" = $3[0m  [["session_token", "-RDgviFwz7YKlW7qdyeDKw"], ["updated_at", "2019-10-07 20:55:49.959319"], ["id", 1]]
  ↳ app/models/user.rb:27
  [1m[35m (5.4ms)[0m  [1m[35mCOMMIT[0m
  ↳ app/models/user.rb:27
Completed 200 OK in 13ms (Views: 0.2ms | ActiveRecord: 7.4ms)


Started GET "/" for ::1 at 2019-10-07 14:17:35 -0700
Processing by StaticPagesController#root as HTML
  Rendering static_pages/root.html.erb within layouts/application
  Rendered static_pages/root.html.erb within layouts/application (0.6ms)
Completed 200 OK in 291ms (Views: 288.2ms | ActiveRecord: 0.0ms)


Started GET "/" for ::1 at 2019-10-07 14:18:49 -0700
Processing by StaticPagesController#root as HTML
  Rendering static_pages/root.html.erb within layouts/application
  Rendered static_pages/root.html.erb within layouts/application (0.6ms)
Completed 200 OK in 309ms (Views: 307.5ms | ActiveRecord: 0.0ms)


Started GET "/" for ::1 at 2019-10-07 14:19:01 -0700
Processing by StaticPagesController#root as HTML
  Rendering static_pages/root.html.erb within layouts/application
  Rendered static_pages/root.html.erb within layouts/application (0.5ms)
Completed 200 OK in 271ms (Views: 270.1ms | ActiveRecord: 0.0ms)


Started GET "/" for ::1 at 2019-10-07 14:20:45 -0700
Processing by StaticPagesController#root as HTML
  Rendering static_pages/root.html.erb within layouts/application
  Rendered static_pages/root.html.erb within layouts/application (0.4ms)
Completed 200 OK in 264ms (Views: 262.5ms | ActiveRecord: 0.0ms)


Started GET "/" for ::1 at 2019-10-07 14:28:10 -0700
Processing by StaticPagesController#root as HTML
  Rendering static_pages/root.html.erb within layouts/application
  Rendered static_pages/root.html.erb within layouts/application (0.6ms)
Completed 200 OK in 379ms (Views: 377.5ms | ActiveRecord: 0.0ms)


Started GET "/" for ::1 at 2019-10-07 14:37:12 -0700
Processing by StaticPagesController#root as HTML
  Rendering static_pages/root.html.erb within layouts/application
  Rendered static_pages/root.html.erb within layouts/application (3.1ms)
Completed 200 OK in 54ms (Views: 50.0ms | ActiveRecord: 0.0ms)


Started GET "/" for ::1 at 2019-10-07 14:38:43 -0700
Processing by StaticPagesController#root as HTML
  Rendering static_pages/root.html.erb within layouts/application
  Rendered static_pages/root.html.erb within layouts/application (0.6ms)
Completed 200 OK in 347ms (Views: 345.3ms | ActiveRecord: 0.0ms)


Started GET "/" for ::1 at 2019-10-07 14:40:30 -0700
Processing by StaticPagesController#root as HTML
  Rendering static_pages/root.html.erb within layouts/application
  Rendered static_pages/root.html.erb within layouts/application (0.4ms)
Completed 200 OK in 299ms (Views: 297.5ms | ActiveRecord: 0.0ms)


Started GET "/" for ::1 at 2019-10-07 14:41:09 -0700
Processing by StaticPagesController#root as HTML
  Rendering static_pages/root.html.erb within layouts/application
  Rendered static_pages/root.html.erb within layouts/application (0.3ms)
Completed 200 OK in 35ms (Views: 33.6ms | ActiveRecord: 0.0ms)


Started GET "/" for ::1 at 2019-10-07 14:41:36 -0700
Processing by StaticPagesController#root as HTML
  Rendering static_pages/root.html.erb within layouts/application
  Rendered static_pages/root.html.erb within layouts/application (0.3ms)
Completed 200 OK in 323ms (Views: 321.6ms | ActiveRecord: 0.0ms)


Started GET "/" for ::1 at 2019-10-07 14:43:14 -0700
Processing by StaticPagesController#root as HTML
  Rendering static_pages/root.html.erb within layouts/application
  Rendered static_pages/root.html.erb within layouts/application (0.4ms)
Completed 200 OK in 333ms (Views: 330.4ms | ActiveRecord: 0.0ms)


Started GET "/" for ::1 at 2019-10-07 14:43:58 -0700
Processing by StaticPagesController#root as HTML
  Rendering static_pages/root.html.erb within layouts/application
  Rendered static_pages/root.html.erb within layouts/application (0.3ms)
Completed 200 OK in 337ms (Views: 335.9ms | ActiveRecord: 0.0ms)


Started GET "/" for ::1 at 2019-10-07 14:48:46 -0700
Processing by StaticPagesController#root as HTML
  Rendering static_pages/root.html.erb within layouts/application
  Rendered static_pages/root.html.erb within layouts/application (0.4ms)
Completed 200 OK in 290ms (Views: 288.7ms | ActiveRecord: 0.0ms)


Started POST "/api/user" for ::1 at 2019-10-07 14:49:20 -0700
Processing by Api::UsersController#create as JSON
  Parameters: {"user"=>{"email"=>"lmao", "password"=>"[FILTERED]"}}
  [1m[36mUser Load (0.6ms)[0m  [1m[34mSELECT  "users".* FROM "users" WHERE "users"."session_token" = $1 LIMIT $2[0m  [["session_token", "YudAKUXYJiCqBtYI1GWZWA"], ["LIMIT", 1]]
  ↳ app/models/user.rb:43
  [1m[35m (0.1ms)[0m  [1m[35mBEGIN[0m
  ↳ app/controllers/api/users_controller.rb:5
  [1m[36mUser Exists (0.3ms)[0m  [1m[34mSELECT  1 AS one FROM "users" WHERE "users"."email" = $1 LIMIT $2[0m  [["email", "lmao"], ["LIMIT", 1]]
  ↳ app/controllers/api/users_controller.rb:5
  [1m[36mUser Create (0.6ms)[0m  [1m[32mINSERT INTO "users" ("email", "password_digest", "session_token", "created_at", "updated_at") VALUES ($1, $2, $3, $4, $5) RETURNING "id"[0m  [["email", "lmao"], ["password_digest", "$2a$12$ShT0b1Kf/T74ISjjeDwSRubp2HhZmaon/wrXO2lF7ANsg0Tth/Sca"], ["session_token", "YudAKUXYJiCqBtYI1GWZWA"], ["created_at", "2019-10-07 21:49:20.761916"], ["updated_at", "2019-10-07 21:49:20.761916"]]
  ↳ app/controllers/api/users_controller.rb:5
  [1m[35m (5.6ms)[0m  [1m[35mCOMMIT[0m
  ↳ app/controllers/api/users_controller.rb:5
  [1m[36mUser Load (0.5ms)[0m  [1m[34mSELECT  "users".* FROM "users" WHERE "users"."session_token" = $1 LIMIT $2[0m  [["session_token", "dAFj4utYd1mK3PMRQ5KJcQ"], ["LIMIT", 1]]
  ↳ app/models/user.rb:43
  [1m[35m (0.1ms)[0m  [1m[35mBEGIN[0m
  ↳ app/models/user.rb:27
  [1m[36mUser Exists (0.7ms)[0m  [1m[34mSELECT  1 AS one FROM "users" WHERE "users"."email" = $1 AND "users"."id" != $2 LIMIT $3[0m  [["email", "lmao"], ["id", 2], ["LIMIT", 1]]
  ↳ app/models/user.rb:27
  [1m[36mUser Update (0.6ms)[0m  [1m[33mUPDATE "users" SET "session_token" = $1, "updated_at" = $2 WHERE "users"."id" = $3[0m  [["session_token", "dAFj4utYd1mK3PMRQ5KJcQ"], ["updated_at", "2019-10-07 21:49:20.772248"], ["id", 2]]
  ↳ app/models/user.rb:27
  [1m[35m (40.5ms)[0m  [1m[35mCOMMIT[0m
  ↳ app/models/user.rb:27
  Rendering api/users/show.json.jbuilder
  Rendered api/users/_user.json.jbuilder (0.5ms)
  Rendered api/users/show.json.jbuilder (1.9ms)
Completed 200 OK in 244ms (Views: 10.1ms | ActiveRecord: 49.8ms)


Started DELETE "/api/session" for ::1 at 2019-10-07 14:49:25 -0700
Processing by Api::SessionsController#destroy as JSON
  [1m[36mUser Load (0.5ms)[0m  [1m[34mSELECT  "users".* FROM "users" WHERE "users"."session_token" = $1 LIMIT $2[0m  [["session_token", "dAFj4utYd1mK3PMRQ5KJcQ"], ["LIMIT", 1]]
  ↳ app/controllers/application_controller.rb:8
  [1m[36mUser Load (0.3ms)[0m  [1m[34mSELECT  "users".* FROM "users" WHERE "users"."session_token" = $1 LIMIT $2[0m  [["session_token", "EKgWR0r-ZJaW3e0ow_-q0A"], ["LIMIT", 1]]
  ↳ app/models/user.rb:43
  [1m[35m (0.1ms)[0m  [1m[35mBEGIN[0m
  ↳ app/models/user.rb:27
  [1m[36mUser Exists (0.4ms)[0m  [1m[34mSELECT  1 AS one FROM "users" WHERE "users"."email" = $1 AND "users"."id" != $2 LIMIT $3[0m  [["email", "lmao"], ["id", 2], ["LIMIT", 1]]
  ↳ app/models/user.rb:27
  [1m[36mUser Update (0.4ms)[0m  [1m[33mUPDATE "users" SET "session_token" = $1, "updated_at" = $2 WHERE "users"."id" = $3[0m  [["session_token", "EKgWR0r-ZJaW3e0ow_-q0A"], ["updated_at", "2019-10-07 21:49:25.313689"], ["id", 2]]
  ↳ app/models/user.rb:27
  [1m[35m (40.1ms)[0m  [1m[35mCOMMIT[0m
  ↳ app/models/user.rb:27
Completed 200 OK in 46ms (Views: 0.2ms | ActiveRecord: 41.8ms)


Started POST "/api/session" for ::1 at 2019-10-07 14:49:41 -0700
Processing by Api::SessionsController#create as JSON
  Parameters: {"user"=>{"email"=>"lmao", "password"=>"[FILTERED]"}}
  [1m[36mUser Load (0.3ms)[0m  [1m[34mSELECT  "users".* FROM "users" WHERE "users"."email" = $1 LIMIT $2[0m  [["email", "lmao"], ["LIMIT", 1]]
  ↳ app/models/user.rb:11
  [1m[36mUser Load (0.4ms)[0m  [1m[34mSELECT  "users".* FROM "users" WHERE "users"."session_token" = $1 LIMIT $2[0m  [["session_token", "13PoyfYtmZoysRizvCd01w"], ["LIMIT", 1]]
  ↳ app/models/user.rb:43
  [1m[35m (0.4ms)[0m  [1m[35mBEGIN[0m
  ↳ app/models/user.rb:27
  [1m[36mUser Exists (0.4ms)[0m  [1m[34mSELECT  1 AS one FROM "users" WHERE "users"."email" = $1 AND "users"."id" != $2 LIMIT $3[0m  [["email", "lmao"], ["id", 2], ["LIMIT", 1]]
  ↳ app/models/user.rb:27
  [1m[36mUser Update (5.9ms)[0m  [1m[33mUPDATE "users" SET "session_token" = $1, "updated_at" = $2 WHERE "users"."id" = $3[0m  [["session_token", "13PoyfYtmZoysRizvCd01w"], ["updated_at", "2019-10-07 21:49:42.181853"], ["id", 2]]
  ↳ app/models/user.rb:27
  [1m[35m (0.5ms)[0m  [1m[35mCOMMIT[0m
  ↳ app/models/user.rb:27
  Rendering api/users/show.json.jbuilder
  Rendered api/users/_user.json.jbuilder (0.2ms)
  Rendered api/users/show.json.jbuilder (1.3ms)
Completed 200 OK in 195ms (Views: 5.4ms | ActiveRecord: 8.0ms)


Started DELETE "/api/session" for ::1 at 2019-10-07 14:49:44 -0700
Processing by Api::SessionsController#destroy as JSON
  [1m[36mUser Load (0.4ms)[0m  [1m[34mSELECT  "users".* FROM "users" WHERE "users"."session_token" = $1 LIMIT $2[0m  [["session_token", "13PoyfYtmZoysRizvCd01w"], ["LIMIT", 1]]
  ↳ app/controllers/application_controller.rb:8
  [1m[36mUser Load (0.1ms)[0m  [1m[34mSELECT  "users".* FROM "users" WHERE "users"."session_token" = $1 LIMIT $2[0m  [["session_token", "Svz9FFkqll-1v_AmvmIyPA"], ["LIMIT", 1]]
  ↳ app/models/user.rb:43
  [1m[35m (0.1ms)[0m  [1m[35mBEGIN[0m
  ↳ app/models/user.rb:27
  [1m[36mUser Exists (0.3ms)[0m  [1m[34mSELECT  1 AS one FROM "users" WHERE "users"."email" = $1 AND "users"."id" != $2 LIMIT $3[0m  [["email", "lmao"], ["id", 2], ["LIMIT", 1]]
  ↳ app/models/user.rb:27
  [1m[36mUser Update (0.4ms)[0m  [1m[33mUPDATE "users" SET "session_token" = $1, "updated_at" = $2 WHERE "users"."id" = $3[0m  [["session_token", "Svz9FFkqll-1v_AmvmIyPA"], ["updated_at", "2019-10-07 21:49:44.056780"], ["id", 2]]
  ↳ app/models/user.rb:27
  [1m[35m (1.9ms)[0m  [1m[35mCOMMIT[0m
  ↳ app/models/user.rb:27
Completed 200 OK in 7ms (Views: 0.2ms | ActiveRecord: 3.2ms)


Started POST "/api/session" for ::1 at 2019-10-07 14:49:48 -0700
Processing by Api::SessionsController#create as JSON
  Parameters: {"user"=>{"email"=>"lmao", "password"=>"[FILTERED]"}}
  [1m[36mUser Load (0.3ms)[0m  [1m[34mSELECT  "users".* FROM "users" WHERE "users"."email" = $1 LIMIT $2[0m  [["email", "lmao"], ["LIMIT", 1]]
  ↳ app/models/user.rb:11
  [1m[36mUser Load (0.2ms)[0m  [1m[34mSELECT  "users".* FROM "users" WHERE "users"."session_token" = $1 LIMIT $2[0m  [["session_token", "6KcTIJNAOk-ovWMM8XZjFA"], ["LIMIT", 1]]
  ↳ app/models/user.rb:43
  [1m[35m (0.1ms)[0m  [1m[35mBEGIN[0m
  ↳ app/models/user.rb:27
  [1m[36mUser Exists (0.2ms)[0m  [1m[34mSELECT  1 AS one FROM "users" WHERE "users"."email" = $1 AND "users"."id" != $2 LIMIT $3[0m  [["email", "lmao"], ["id", 2], ["LIMIT", 1]]
  ↳ app/models/user.rb:27
  [1m[36mUser Update (0.3ms)[0m  [1m[33mUPDATE "users" SET "session_token" = $1, "updated_at" = $2 WHERE "users"."id" = $3[0m  [["session_token", "6KcTIJNAOk-ovWMM8XZjFA"], ["updated_at", "2019-10-07 21:49:48.206059"], ["id", 2]]
  ↳ app/models/user.rb:27
  [1m[35m (5.3ms)[0m  [1m[35mCOMMIT[0m
  ↳ app/models/user.rb:27
  Rendering api/users/show.json.jbuilder
  Rendered api/users/_user.json.jbuilder (0.2ms)
  Rendered api/users/show.json.jbuilder (1.2ms)
Completed 200 OK in 192ms (Views: 5.8ms | ActiveRecord: 6.4ms)


Started GET "/" for ::1 at 2019-10-07 14:50:43 -0700
Processing by StaticPagesController#root as HTML
  Rendering static_pages/root.html.erb within layouts/application
  Rendered static_pages/root.html.erb within layouts/application (0.3ms)
Completed 200 OK in 24ms (Views: 21.8ms | ActiveRecord: 0.0ms)


Started GET "/" for ::1 at 2019-10-07 14:59:23 -0700
Processing by StaticPagesController#root as HTML
  Rendering static_pages/root.html.erb within layouts/application
  Rendered static_pages/root.html.erb within layouts/application (0.3ms)
Completed 200 OK in 28ms (Views: 26.0ms | ActiveRecord: 0.0ms)


Started GET "/" for ::1 at 2019-10-07 15:00:45 -0700
Processing by StaticPagesController#root as HTML
  Rendering static_pages/root.html.erb within layouts/application
  Rendered static_pages/root.html.erb within layouts/application (0.3ms)
Completed 200 OK in 305ms (Views: 303.9ms | ActiveRecord: 0.0ms)


Started GET "/" for ::1 at 2019-10-07 15:01:07 -0700
Processing by StaticPagesController#root as HTML
  Rendering static_pages/root.html.erb within layouts/application
  Rendered static_pages/root.html.erb within layouts/application (0.6ms)
Completed 200 OK in 302ms (Views: 300.5ms | ActiveRecord: 0.0ms)


Started GET "/" for ::1 at 2019-10-07 15:01:46 -0700
Processing by StaticPagesController#root as HTML
  Rendering static_pages/root.html.erb within layouts/application
  Rendered static_pages/root.html.erb within layouts/application (0.3ms)
Completed 200 OK in 297ms (Views: 295.1ms | ActiveRecord: 0.0ms)


Started POST "/api/user" for ::1 at 2019-10-07 15:02:17 -0700
Processing by Api::UsersController#create as JSON
  Parameters: {"user"=>{"email"=>"1234", "password"=>"[FILTERED]"}}
  [1m[36mUser Load (0.6ms)[0m  [1m[34mSELECT  "users".* FROM "users" WHERE "users"."session_token" = $1 LIMIT $2[0m  [["session_token", "F042zUmN4Jj7uQWfO2X_8w"], ["LIMIT", 1]]
  ↳ app/models/user.rb:43
  [1m[35m (0.1ms)[0m  [1m[35mBEGIN[0m
  ↳ app/controllers/api/users_controller.rb:5
  [1m[36mUser Exists (5.9ms)[0m  [1m[34mSELECT  1 AS one FROM "users" WHERE "users"."email" = $1 LIMIT $2[0m  [["email", "1234"], ["LIMIT", 1]]
  ↳ app/controllers/api/users_controller.rb:5
  [1m[35m (0.2ms)[0m  [1m[31mROLLBACK[0m
  ↳ app/controllers/api/users_controller.rb:5
Completed 422 Unprocessable Entity in 204ms (Views: 0.3ms | ActiveRecord: 7.0ms)


Started POST "/api/user" for ::1 at 2019-10-07 15:02:19 -0700
Processing by Api::UsersController#create as JSON
  Parameters: {"user"=>{"email"=>"12345", "password"=>"[FILTERED]"}}
  [1m[36mUser Load (0.3ms)[0m  [1m[34mSELECT  "users".* FROM "users" WHERE "users"."session_token" = $1 LIMIT $2[0m  [["session_token", "GBubjuF8l9QoKXCLxia1rQ"], ["LIMIT", 1]]
  ↳ app/models/user.rb:43
  [1m[35m (0.1ms)[0m  [1m[35mBEGIN[0m
  ↳ app/controllers/api/users_controller.rb:5
  [1m[36mUser Exists (0.2ms)[0m  [1m[34mSELECT  1 AS one FROM "users" WHERE "users"."email" = $1 LIMIT $2[0m  [["email", "12345"], ["LIMIT", 1]]
  ↳ app/controllers/api/users_controller.rb:5
  [1m[36mUser Create (0.7ms)[0m  [1m[32mINSERT INTO "users" ("email", "password_digest", "session_token", "created_at", "updated_at") VALUES ($1, $2, $3, $4, $5) RETURNING "id"[0m  [["email", "12345"], ["password_digest", "$2a$12$GZ92vC9c3IXOTsN4Bq8IauxKc97qeO9BtDPgPJF2pHQjA65ZrpI8i"], ["session_token", "GBubjuF8l9QoKXCLxia1rQ"], ["created_at", "2019-10-07 22:02:20.080571"], ["updated_at", "2019-10-07 22:02:20.080571"]]
  ↳ app/controllers/api/users_controller.rb:5
  [1m[35m (5.4ms)[0m  [1m[35mCOMMIT[0m
  ↳ app/controllers/api/users_controller.rb:5
  [1m[36mUser Load (0.3ms)[0m  [1m[34mSELECT  "users".* FROM "users" WHERE "users"."session_token" = $1 LIMIT $2[0m  [["session_token", "ooWkIMUmtw4Z-h3LcFA5RQ"], ["LIMIT", 1]]
  ↳ app/models/user.rb:43
  [1m[35m (0.1ms)[0m  [1m[35mBEGIN[0m
  ↳ app/models/user.rb:27
  [1m[36mUser Exists (0.3ms)[0m  [1m[34mSELECT  1 AS one FROM "users" WHERE "users"."email" = $1 AND "users"."id" != $2 LIMIT $3[0m  [["email", "12345"], ["id", 3], ["LIMIT", 1]]
  ↳ app/models/user.rb:27
  [1m[36mUser Update (0.4ms)[0m  [1m[33mUPDATE "users" SET "session_token" = $1, "updated_at" = $2 WHERE "users"."id" = $3[0m  [["session_token", "ooWkIMUmtw4Z-h3LcFA5RQ"], ["updated_at", "2019-10-07 22:02:20.089909"], ["id", 3]]
  ↳ app/models/user.rb:27
  [1m[35m (39.5ms)[0m  [1m[35mCOMMIT[0m
  ↳ app/models/user.rb:27
  Rendering api/users/show.json.jbuilder
  Rendered api/users/_user.json.jbuilder (0.3ms)
  Rendered api/users/show.json.jbuilder (2.1ms)
Completed 200 OK in 239ms (Views: 8.8ms | ActiveRecord: 47.4ms)


Started DELETE "/api/session" for ::1 at 2019-10-07 15:02:24 -0700
Processing by Api::SessionsController#destroy as JSON
  [1m[36mUser Load (0.4ms)[0m  [1m[34mSELECT  "users".* FROM "users" WHERE "users"."session_token" = $1 LIMIT $2[0m  [["session_token", "ooWkIMUmtw4Z-h3LcFA5RQ"], ["LIMIT", 1]]
  ↳ app/controllers/application_controller.rb:8
  [1m[36mUser Load (0.2ms)[0m  [1m[34mSELECT  "users".* FROM "users" WHERE "users"."session_token" = $1 LIMIT $2[0m  [["session_token", "Yjxxsonm3Hnu3wD6V_uoww"], ["LIMIT", 1]]
  ↳ app/models/user.rb:43
  [1m[35m (0.1ms)[0m  [1m[35mBEGIN[0m
  ↳ app/models/user.rb:27
  [1m[36mUser Exists (0.9ms)[0m  [1m[34mSELECT  1 AS one FROM "users" WHERE "users"."email" = $1 AND "users"."id" != $2 LIMIT $3[0m  [["email", "12345"], ["id", 3], ["LIMIT", 1]]
  ↳ app/models/user.rb:27
  [1m[36mUser Update (0.4ms)[0m  [1m[33mUPDATE "users" SET "session_token" = $1, "updated_at" = $2 WHERE "users"."id" = $3[0m  [["session_token", "Yjxxsonm3Hnu3wD6V_uoww"], ["updated_at", "2019-10-07 22:02:24.270665"], ["id", 3]]
  ↳ app/models/user.rb:27
  [1m[35m (5.5ms)[0m  [1m[35mCOMMIT[0m
  ↳ app/models/user.rb:27
Completed 200 OK in 11ms (Views: 0.1ms | ActiveRecord: 7.5ms)


Started POST "/api/session" for ::1 at 2019-10-07 15:02:30 -0700
Processing by Api::SessionsController#create as JSON
  Parameters: {"user"=>{"email"=>"12345", "password"=>"[FILTERED]"}}
  [1m[36mUser Load (0.2ms)[0m  [1m[34mSELECT  "users".* FROM "users" WHERE "users"."email" = $1 LIMIT $2[0m  [["email", "12345"], ["LIMIT", 1]]
  ↳ app/models/user.rb:11
  [1m[36mUser Load (0.3ms)[0m  [1m[34mSELECT  "users".* FROM "users" WHERE "users"."session_token" = $1 LIMIT $2[0m  [["session_token", "sM371ZYEFshEaepxSCrzXg"], ["LIMIT", 1]]
  ↳ app/models/user.rb:43
  [1m[35m (0.1ms)[0m  [1m[35mBEGIN[0m
  ↳ app/models/user.rb:27
  [1m[36mUser Exists (0.3ms)[0m  [1m[34mSELECT  1 AS one FROM "users" WHERE "users"."email" = $1 AND "users"."id" != $2 LIMIT $3[0m  [["email", "12345"], ["id", 3], ["LIMIT", 1]]
  ↳ app/models/user.rb:27
  [1m[36mUser Update (0.4ms)[0m  [1m[33mUPDATE "users" SET "session_token" = $1, "updated_at" = $2 WHERE "users"."id" = $3[0m  [["session_token", "sM371ZYEFshEaepxSCrzXg"], ["updated_at", "2019-10-07 22:02:30.613724"], ["id", 3]]
  ↳ app/models/user.rb:27
  [1m[35m (5.4ms)[0m  [1m[35mCOMMIT[0m
  ↳ app/models/user.rb:27
  Rendering api/users/show.json.jbuilder
  Rendered api/users/_user.json.jbuilder (0.2ms)
  Rendered api/users/show.json.jbuilder (1.2ms)
Completed 200 OK in 193ms (Views: 5.3ms | ActiveRecord: 6.6ms)


Started DELETE "/api/session" for ::1 at 2019-10-07 15:02:31 -0700
Processing by Api::SessionsController#destroy as JSON
  [1m[36mUser Load (0.4ms)[0m  [1m[34mSELECT  "users".* FROM "users" WHERE "users"."session_token" = $1 LIMIT $2[0m  [["session_token", "sM371ZYEFshEaepxSCrzXg"], ["LIMIT", 1]]
  ↳ app/controllers/application_controller.rb:8
  [1m[36mUser Load (0.2ms)[0m  [1m[34mSELECT  "users".* FROM "users" WHERE "users"."session_token" = $1 LIMIT $2[0m  [["session_token", "qs87yTnyLLrhyd7nanpseg"], ["LIMIT", 1]]
  ↳ app/models/user.rb:43
  [1m[35m (0.1ms)[0m  [1m[35mBEGIN[0m
  ↳ app/models/user.rb:27
  [1m[36mUser Exists (0.4ms)[0m  [1m[34mSELECT  1 AS one FROM "users" WHERE "users"."email" = $1 AND "users"."id" != $2 LIMIT $3[0m  [["email", "12345"], ["id", 3], ["LIMIT", 1]]
  ↳ app/models/user.rb:27
  [1m[36mUser Update (0.4ms)[0m  [1m[33mUPDATE "users" SET "session_token" = $1, "updated_at" = $2 WHERE "users"."id" = $3[0m  [["session_token", "qs87yTnyLLrhyd7nanpseg"], ["updated_at", "2019-10-07 22:02:31.831080"], ["id", 3]]
  ↳ app/models/user.rb:27
  [1m[35m (5.4ms)[0m  [1m[35mCOMMIT[0m
  ↳ app/models/user.rb:27
Completed 200 OK in 11ms (Views: 0.2ms | ActiveRecord: 6.9ms)


Started GET "/" for ::1 at 2019-10-07 15:05:31 -0700
Processing by StaticPagesController#root as HTML
  Rendering static_pages/root.html.erb within layouts/application
  Rendered static_pages/root.html.erb within layouts/application (0.7ms)
Completed 200 OK in 37ms (Views: 35.0ms | ActiveRecord: 0.0ms)


Started POST "/api/session" for ::1 at 2019-10-07 15:05:35 -0700
Processing by Api::SessionsController#create as JSON
  Parameters: {"user"=>{"email"=>"12345", "password"=>"[FILTERED]"}}
  [1m[36mUser Load (0.3ms)[0m  [1m[34mSELECT  "users".* FROM "users" WHERE "users"."email" = $1 LIMIT $2[0m  [["email", "12345"], ["LIMIT", 1]]
  ↳ app/models/user.rb:11
  [1m[36mUser Load (0.5ms)[0m  [1m[34mSELECT  "users".* FROM "users" WHERE "users"."session_token" = $1 LIMIT $2[0m  [["session_token", "IKDecMu5Fgw3EW-_kbjY2w"], ["LIMIT", 1]]
  ↳ app/models/user.rb:43
  [1m[35m (0.1ms)[0m  [1m[35mBEGIN[0m
  ↳ app/models/user.rb:27
  [1m[36mUser Exists (0.4ms)[0m  [1m[34mSELECT  1 AS one FROM "users" WHERE "users"."email" = $1 AND "users"."id" != $2 LIMIT $3[0m  [["email", "12345"], ["id", 3], ["LIMIT", 1]]
  ↳ app/models/user.rb:27
  [1m[36mUser Update (0.3ms)[0m  [1m[33mUPDATE "users" SET "session_token" = $1, "updated_at" = $2 WHERE "users"."id" = $3[0m  [["session_token", "IKDecMu5Fgw3EW-_kbjY2w"], ["updated_at", "2019-10-07 22:05:35.991574"], ["id", 3]]
  ↳ app/models/user.rb:27
  [1m[35m (5.4ms)[0m  [1m[35mCOMMIT[0m
  ↳ app/models/user.rb:27
  Rendering api/users/show.json.jbuilder
  Rendered api/users/_user.json.jbuilder (0.3ms)
  Rendered api/users/show.json.jbuilder (2.1ms)
Completed 200 OK in 197ms (Views: 7.3ms | ActiveRecord: 6.9ms)


Started DELETE "/api/session" for ::1 at 2019-10-07 15:06:02 -0700
Processing by Api::SessionsController#destroy as JSON
  [1m[36mUser Load (0.2ms)[0m  [1m[34mSELECT  "users".* FROM "users" WHERE "users"."session_token" = $1 LIMIT $2[0m  [["session_token", "IKDecMu5Fgw3EW-_kbjY2w"], ["LIMIT", 1]]
  ↳ app/controllers/application_controller.rb:8
  [1m[36mUser Load (0.1ms)[0m  [1m[34mSELECT  "users".* FROM "users" WHERE "users"."session_token" = $1 LIMIT $2[0m  [["session_token", "XaIWMY035ZL3HGJRLcmAhQ"], ["LIMIT", 1]]
  ↳ app/models/user.rb:43
  [1m[35m (0.1ms)[0m  [1m[35mBEGIN[0m
  ↳ app/models/user.rb:27
  [1m[36mUser Exists (0.3ms)[0m  [1m[34mSELECT  1 AS one FROM "users" WHERE "users"."email" = $1 AND "users"."id" != $2 LIMIT $3[0m  [["email", "12345"], ["id", 3], ["LIMIT", 1]]
  ↳ app/models/user.rb:27
  [1m[36mUser Update (0.4ms)[0m  [1m[33mUPDATE "users" SET "session_token" = $1, "updated_at" = $2 WHERE "users"."id" = $3[0m  [["session_token", "XaIWMY035ZL3HGJRLcmAhQ"], ["updated_at", "2019-10-07 22:06:02.709777"], ["id", 3]]
  ↳ app/models/user.rb:27
  [1m[35m (39.6ms)[0m  [1m[35mCOMMIT[0m
  ↳ app/models/user.rb:27
Completed 200 OK in 45ms (Views: 0.1ms | ActiveRecord: 40.6ms)


Started POST "/api/session" for ::1 at 2019-10-07 15:06:15 -0700
Processing by Api::SessionsController#create as JSON
  Parameters: {"user"=>{"email"=>"12345", "password"=>"[FILTERED]"}}
  [1m[36mUser Load (0.3ms)[0m  [1m[34mSELECT  "users".* FROM "users" WHERE "users"."email" = $1 LIMIT $2[0m  [["email", "12345"], ["LIMIT", 1]]
  ↳ app/models/user.rb:11
  [1m[36mUser Load (0.2ms)[0m  [1m[34mSELECT  "users".* FROM "users" WHERE "users"."session_token" = $1 LIMIT $2[0m  [["session_token", "mTNd2SM5wH3_1zFplgIpjQ"], ["LIMIT", 1]]
  ↳ app/models/user.rb:43
  [1m[35m (0.1ms)[0m  [1m[35mBEGIN[0m
  ↳ app/models/user.rb:27
  [1m[36mUser Exists (0.4ms)[0m  [1m[34mSELECT  1 AS one FROM "users" WHERE "users"."email" = $1 AND "users"."id" != $2 LIMIT $3[0m  [["email", "12345"], ["id", 3], ["LIMIT", 1]]
  ↳ app/models/user.rb:27
  [1m[36mUser Update (0.4ms)[0m  [1m[33mUPDATE "users" SET "session_token" = $1, "updated_at" = $2 WHERE "users"."id" = $3[0m  [["session_token", "mTNd2SM5wH3_1zFplgIpjQ"], ["updated_at", "2019-10-07 22:06:15.274726"], ["id", 3]]
  ↳ app/models/user.rb:27
  [1m[35m (5.5ms)[0m  [1m[35mCOMMIT[0m
  ↳ app/models/user.rb:27
  Rendering api/users/show.json.jbuilder
  Rendered api/users/_user.json.jbuilder (0.2ms)
  Rendered api/users/show.json.jbuilder (1.5ms)
Completed 200 OK in 196ms (Views: 7.4ms | ActiveRecord: 6.9ms)


Started GET "/" for ::1 at 2019-10-07 15:06:16 -0700
Processing by StaticPagesController#root as HTML
  Rendering static_pages/root.html.erb within layouts/application
  [1m[36mUser Load (0.3ms)[0m  [1m[34mSELECT  "users".* FROM "users" WHERE "users"."session_token" = $1 LIMIT $2[0m  [["session_token", "mTNd2SM5wH3_1zFplgIpjQ"], ["LIMIT", 1]]
  ↳ app/controllers/application_controller.rb:8
  Rendered api/users/_user.json.jbuilder (0.4ms)
  Rendered static_pages/root.html.erb within layouts/application (8.9ms)
Completed 200 OK in 32ms (Views: 30.8ms | ActiveRecord: 0.3ms)


Started DELETE "/api/session" for ::1 at 2019-10-07 15:06:33 -0700
Processing by Api::SessionsController#destroy as JSON
  [1m[36mUser Load (0.2ms)[0m  [1m[34mSELECT  "users".* FROM "users" WHERE "users"."session_token" = $1 LIMIT $2[0m  [["session_token", "mTNd2SM5wH3_1zFplgIpjQ"], ["LIMIT", 1]]
  ↳ app/controllers/application_controller.rb:8
  [1m[36mUser Load (0.2ms)[0m  [1m[34mSELECT  "users".* FROM "users" WHERE "users"."session_token" = $1 LIMIT $2[0m  [["session_token", "OX7G9BrHI64n66Df8IkICw"], ["LIMIT", 1]]
  ↳ app/models/user.rb:43
  [1m[35m (0.1ms)[0m  [1m[35mBEGIN[0m
  ↳ app/models/user.rb:27
  [1m[36mUser Exists (0.3ms)[0m  [1m[34mSELECT  1 AS one FROM "users" WHERE "users"."email" = $1 AND "users"."id" != $2 LIMIT $3[0m  [["email", "12345"], ["id", 3], ["LIMIT", 1]]
  ↳ app/models/user.rb:27
  [1m[36mUser Update (0.3ms)[0m  [1m[33mUPDATE "users" SET "session_token" = $1, "updated_at" = $2 WHERE "users"."id" = $3[0m  [["session_token", "OX7G9BrHI64n66Df8IkICw"], ["updated_at", "2019-10-07 22:06:33.823387"], ["id", 3]]
  ↳ app/models/user.rb:27
  [1m[35m (2.0ms)[0m  [1m[35mCOMMIT[0m
  ↳ app/models/user.rb:27
Completed 200 OK in 7ms (Views: 0.2ms | ActiveRecord: 3.1ms)


Started GET "/" for ::1 at 2019-10-07 15:07:21 -0700
Processing by StaticPagesController#root as HTML
  Rendering static_pages/root.html.erb within layouts/application
  Rendered static_pages/root.html.erb within layouts/application (0.9ms)
Completed 200 OK in 329ms (Views: 327.0ms | ActiveRecord: 0.0ms)


Started POST "/api/session" for ::1 at 2019-10-07 15:07:31 -0700
Processing by Api::SessionsController#create as JSON
  Parameters: {"user"=>{"email"=>"12345", "password"=>"[FILTERED]"}}
  [1m[36mUser Load (0.3ms)[0m  [1m[34mSELECT  "users".* FROM "users" WHERE "users"."email" = $1 LIMIT $2[0m  [["email", "12345"], ["LIMIT", 1]]
  ↳ app/models/user.rb:11
  [1m[36mUser Load (0.2ms)[0m  [1m[34mSELECT  "users".* FROM "users" WHERE "users"."session_token" = $1 LIMIT $2[0m  [["session_token", "HWzhrTQLQcK95MvGwGme0Q"], ["LIMIT", 1]]
  ↳ app/models/user.rb:43
  [1m[35m (0.1ms)[0m  [1m[35mBEGIN[0m
  ↳ app/models/user.rb:27
  [1m[36mUser Exists (0.3ms)[0m  [1m[34mSELECT  1 AS one FROM "users" WHERE "users"."email" = $1 AND "users"."id" != $2 LIMIT $3[0m  [["email", "12345"], ["id", 3], ["LIMIT", 1]]
  ↳ app/models/user.rb:27
  [1m[36mUser Update (0.6ms)[0m  [1m[33mUPDATE "users" SET "session_token" = $1, "updated_at" = $2 WHERE "users"."id" = $3[0m  [["session_token", "HWzhrTQLQcK95MvGwGme0Q"], ["updated_at", "2019-10-07 22:07:31.852623"], ["id", 3]]
  ↳ app/models/user.rb:27
  [1m[35m (5.4ms)[0m  [1m[35mCOMMIT[0m
  ↳ app/models/user.rb:27
  Rendering api/users/show.json.jbuilder
  Rendered api/users/_user.json.jbuilder (0.2ms)
  Rendered api/users/show.json.jbuilder (1.4ms)
Completed 200 OK in 198ms (Views: 6.1ms | ActiveRecord: 6.9ms)


Started GET "/" for ::1 at 2019-10-07 15:07:33 -0700
Processing by StaticPagesController#root as HTML
  Rendering static_pages/root.html.erb within layouts/application
  [1m[36mUser Load (0.3ms)[0m  [1m[34mSELECT  "users".* FROM "users" WHERE "users"."session_token" = $1 LIMIT $2[0m  [["session_token", "HWzhrTQLQcK95MvGwGme0Q"], ["LIMIT", 1]]
  ↳ app/controllers/application_controller.rb:8
  Rendered api/users/_user.json.jbuilder (0.3ms)
  Rendered static_pages/root.html.erb within layouts/application (3.9ms)
Completed 200 OK in 31ms (Views: 28.7ms | ActiveRecord: 0.3ms)


Started DELETE "/api/session" for ::1 at 2019-10-07 15:07:44 -0700
Processing by Api::SessionsController#destroy as JSON
  [1m[36mUser Load (0.2ms)[0m  [1m[34mSELECT  "users".* FROM "users" WHERE "users"."session_token" = $1 LIMIT $2[0m  [["session_token", "HWzhrTQLQcK95MvGwGme0Q"], ["LIMIT", 1]]
  ↳ app/controllers/application_controller.rb:8
  [1m[36mUser Load (0.1ms)[0m  [1m[34mSELECT  "users".* FROM "users" WHERE "users"."session_token" = $1 LIMIT $2[0m  [["session_token", "9nZohdEvXMleSN1JLSj-OA"], ["LIMIT", 1]]
  ↳ app/models/user.rb:43
  [1m[35m (0.3ms)[0m  [1m[35mBEGIN[0m
  ↳ app/models/user.rb:27
  [1m[36mUser Exists (0.5ms)[0m  [1m[34mSELECT  1 AS one FROM "users" WHERE "users"."email" = $1 AND "users"."id" != $2 LIMIT $3[0m  [["email", "12345"], ["id", 3], ["LIMIT", 1]]
  ↳ app/models/user.rb:27
  [1m[36mUser Update (0.3ms)[0m  [1m[33mUPDATE "users" SET "session_token" = $1, "updated_at" = $2 WHERE "users"."id" = $3[0m  [["session_token", "9nZohdEvXMleSN1JLSj-OA"], ["updated_at", "2019-10-07 22:07:44.594970"], ["id", 3]]
  ↳ app/models/user.rb:27
  [1m[35m (5.3ms)[0m  [1m[35mCOMMIT[0m
  ↳ app/models/user.rb:27
Completed 200 OK in 35ms (Views: 0.2ms | ActiveRecord: 6.7ms)


Started GET "/" for ::1 at 2019-10-07 15:10:54 -0700
Processing by StaticPagesController#root as HTML
  Rendering static_pages/root.html.erb within layouts/application
  Rendered static_pages/root.html.erb within layouts/application (0.9ms)
Completed 200 OK in 326ms (Views: 324.4ms | ActiveRecord: 0.0ms)


Started POST "/api/session" for ::1 at 2019-10-07 15:11:01 -0700
Processing by Api::SessionsController#create as JSON
  Parameters: {"user"=>{"email"=>"12345", "password"=>"[FILTERED]"}}
  [1m[36mUser Load (0.3ms)[0m  [1m[34mSELECT  "users".* FROM "users" WHERE "users"."email" = $1 LIMIT $2[0m  [["email", "12345"], ["LIMIT", 1]]
  ↳ app/models/user.rb:11
  [1m[36mUser Load (0.2ms)[0m  [1m[34mSELECT  "users".* FROM "users" WHERE "users"."session_token" = $1 LIMIT $2[0m  [["session_token", "4I3E3M9j1FR7p_a35Rb30Q"], ["LIMIT", 1]]
  ↳ app/models/user.rb:43
  [1m[35m (0.1ms)[0m  [1m[35mBEGIN[0m
  ↳ app/models/user.rb:27
  [1m[36mUser Exists (0.3ms)[0m  [1m[34mSELECT  1 AS one FROM "users" WHERE "users"."email" = $1 AND "users"."id" != $2 LIMIT $3[0m  [["email", "12345"], ["id", 3], ["LIMIT", 1]]
  ↳ app/models/user.rb:27
  [1m[36mUser Update (2.4ms)[0m  [1m[33mUPDATE "users" SET "session_token" = $1, "updated_at" = $2 WHERE "users"."id" = $3[0m  [["session_token", "4I3E3M9j1FR7p_a35Rb30Q"], ["updated_at", "2019-10-07 22:11:01.794318"], ["id", 3]]
  ↳ app/models/user.rb:27
  [1m[35m (0.4ms)[0m  [1m[35mCOMMIT[0m
  ↳ app/models/user.rb:27
  Rendering api/users/show.json.jbuilder
  Rendered api/users/_user.json.jbuilder (0.2ms)
  Rendered api/users/show.json.jbuilder (1.4ms)
Completed 200 OK in 192ms (Views: 6.5ms | ActiveRecord: 3.6ms)


Started GET "/" for ::1 at 2019-10-07 15:11:03 -0700
Processing by StaticPagesController#root as HTML
  Rendering static_pages/root.html.erb within layouts/application
  [1m[36mUser Load (0.2ms)[0m  [1m[34mSELECT  "users".* FROM "users" WHERE "users"."session_token" = $1 LIMIT $2[0m  [["session_token", "4I3E3M9j1FR7p_a35Rb30Q"], ["LIMIT", 1]]
  ↳ app/controllers/application_controller.rb:8
  Rendered api/users/_user.json.jbuilder (0.4ms)
  Rendered static_pages/root.html.erb within layouts/application (2.7ms)
Completed 200 OK in 20ms (Views: 19.3ms | ActiveRecord: 0.2ms)


Started DELETE "/api/session" for ::1 at 2019-10-07 15:11:04 -0700
Processing by Api::SessionsController#destroy as JSON
  [1m[36mUser Load (2.1ms)[0m  [1m[34mSELECT  "users".* FROM "users" WHERE "users"."session_token" = $1 LIMIT $2[0m  [["session_token", "4I3E3M9j1FR7p_a35Rb30Q"], ["LIMIT", 1]]
  ↳ app/controllers/application_controller.rb:8
  [1m[36mUser Load (1.5ms)[0m  [1m[34mSELECT  "users".* FROM "users" WHERE "users"."session_token" = $1 LIMIT $2[0m  [["session_token", "NZJ-GTFuzwvpaBwK0-qGmw"], ["LIMIT", 1]]
  ↳ app/models/user.rb:43
  [1m[35m (0.1ms)[0m  [1m[35mBEGIN[0m
  ↳ app/models/user.rb:27
  [1m[36mUser Exists (0.4ms)[0m  [1m[34mSELECT  1 AS one FROM "users" WHERE "users"."email" = $1 AND "users"."id" != $2 LIMIT $3[0m  [["email", "12345"], ["id", 3], ["LIMIT", 1]]
  ↳ app/models/user.rb:27
  [1m[36mUser Update (0.4ms)[0m  [1m[33mUPDATE "users" SET "session_token" = $1, "updated_at" = $2 WHERE "users"."id" = $3[0m  [["session_token", "NZJ-GTFuzwvpaBwK0-qGmw"], ["updated_at", "2019-10-07 22:11:04.781974"], ["id", 3]]
  ↳ app/models/user.rb:27
  [1m[35m (5.4ms)[0m  [1m[35mCOMMIT[0m
  ↳ app/models/user.rb:27
Completed 200 OK in 14ms (Views: 0.1ms | ActiveRecord: 9.8ms)


Started POST "/api/user" for ::1 at 2019-10-07 15:11:12 -0700
Processing by Api::UsersController#create as JSON
  Parameters: {"user"=>{"email"=>"321", "password"=>"[FILTERED]"}}
  [1m[36mUser Load (0.2ms)[0m  [1m[34mSELECT  "users".* FROM "users" WHERE "users"."session_token" = $1 LIMIT $2[0m  [["session_token", "BIS-eg336m6vVNII0yhp0Q"], ["LIMIT", 1]]
  ↳ app/models/user.rb:43
  [1m[35m (0.1ms)[0m  [1m[35mBEGIN[0m
  ↳ app/controllers/api/users_controller.rb:5
  [1m[36mUser Exists (0.3ms)[0m  [1m[34mSELECT  1 AS one FROM "users" WHERE "users"."email" = $1 LIMIT $2[0m  [["email", "321"], ["LIMIT", 1]]
  ↳ app/controllers/api/users_controller.rb:5
  [1m[36mUser Create (0.3ms)[0m  [1m[32mINSERT INTO "users" ("email", "password_digest", "session_token", "created_at", "updated_at") VALUES ($1, $2, $3, $4, $5) RETURNING "id"[0m  [["email", "321"], ["password_digest", "$2a$12$k0hRjxG85b7o0U8r/9EtBuey/wSEw61TKH9lEn9CbPRQQUAF8t/sK"], ["session_token", "BIS-eg336m6vVNII0yhp0Q"], ["created_at", "2019-10-07 22:11:12.259812"], ["updated_at", "2019-10-07 22:11:12.259812"]]
  ↳ app/controllers/api/users_controller.rb:5
  [1m[35m (5.3ms)[0m  [1m[35mCOMMIT[0m
  ↳ app/controllers/api/users_controller.rb:5
  [1m[36mUser Load (0.2ms)[0m  [1m[34mSELECT  "users".* FROM "users" WHERE "users"."session_token" = $1 LIMIT $2[0m  [["session_token", "r1Uy6cV_mNePemCmoyGzlQ"], ["LIMIT", 1]]
  ↳ app/models/user.rb:43
  [1m[35m (0.2ms)[0m  [1m[35mBEGIN[0m
  ↳ app/models/user.rb:27
  [1m[36mUser Exists (0.5ms)[0m  [1m[34mSELECT  1 AS one FROM "users" WHERE "users"."email" = $1 AND "users"."id" != $2 LIMIT $3[0m  [["email", "321"], ["id", 4], ["LIMIT", 1]]
  ↳ app/models/user.rb:27
  [1m[36mUser Update (0.6ms)[0m  [1m[33mUPDATE "users" SET "session_token" = $1, "updated_at" = $2 WHERE "users"."id" = $3[0m  [["session_token", "r1Uy6cV_mNePemCmoyGzlQ"], ["updated_at", "2019-10-07 22:11:12.269088"], ["id", 4]]
  ↳ app/models/user.rb:27
  [1m[35m (0.4ms)[0m  [1m[35mCOMMIT[0m
  ↳ app/models/user.rb:27
  Rendering api/users/show.json.jbuilder
  Rendered api/users/_user.json.jbuilder (0.2ms)
  Rendered api/users/show.json.jbuilder (1.0ms)
Completed 200 OK in 197ms (Views: 4.8ms | ActiveRecord: 8.0ms)


Started DELETE "/api/session" for ::1 at 2019-10-07 15:11:14 -0700
Processing by Api::SessionsController#destroy as JSON
  [1m[36mUser Load (0.3ms)[0m  [1m[34mSELECT  "users".* FROM "users" WHERE "users"."session_token" = $1 LIMIT $2[0m  [["session_token", "r1Uy6cV_mNePemCmoyGzlQ"], ["LIMIT", 1]]
  ↳ app/controllers/application_controller.rb:8
  [1m[36mUser Load (0.2ms)[0m  [1m[34mSELECT  "users".* FROM "users" WHERE "users"."session_token" = $1 LIMIT $2[0m  [["session_token", "RWlmtGPU4bmk4_XG4va0bw"], ["LIMIT", 1]]
  ↳ app/models/user.rb:43
  [1m[35m (0.1ms)[0m  [1m[35mBEGIN[0m
  ↳ app/models/user.rb:27
  [1m[36mUser Exists (0.3ms)[0m  [1m[34mSELECT  1 AS one FROM "users" WHERE "users"."email" = $1 AND "users"."id" != $2 LIMIT $3[0m  [["email", "321"], ["id", 4], ["LIMIT", 1]]
  ↳ app/models/user.rb:27
  [1m[36mUser Update (0.3ms)[0m  [1m[33mUPDATE "users" SET "session_token" = $1, "updated_at" = $2 WHERE "users"."id" = $3[0m  [["session_token", "RWlmtGPU4bmk4_XG4va0bw"], ["updated_at", "2019-10-07 22:11:14.126063"], ["id", 4]]
  ↳ app/models/user.rb:27
  [1m[35m (5.5ms)[0m  [1m[35mCOMMIT[0m
  ↳ app/models/user.rb:27
Completed 200 OK in 10ms (Views: 0.2ms | ActiveRecord: 6.6ms)


Started GET "/" for ::1 at 2019-10-07 15:11:28 -0700
Processing by StaticPagesController#root as HTML
  Rendering static_pages/root.html.erb within layouts/application
  Rendered static_pages/root.html.erb within layouts/application (0.7ms)
Completed 200 OK in 293ms (Views: 291.9ms | ActiveRecord: 0.0ms)


Started POST "/api/session" for ::1 at 2019-10-07 15:11:33 -0700
Processing by Api::SessionsController#create as JSON
  Parameters: {"user"=>{"email"=>"321", "password"=>"[FILTERED]"}}
  [1m[36mUser Load (0.3ms)[0m  [1m[34mSELECT  "users".* FROM "users" WHERE "users"."email" = $1 LIMIT $2[0m  [["email", "321"], ["LIMIT", 1]]
  ↳ app/models/user.rb:11
  [1m[36mUser Load (0.2ms)[0m  [1m[34mSELECT  "users".* FROM "users" WHERE "users"."session_token" = $1 LIMIT $2[0m  [["session_token", "2ahloOs3yPEGTUiKj0S8ng"], ["LIMIT", 1]]
  ↳ app/models/user.rb:43
  [1m[35m (0.1ms)[0m  [1m[35mBEGIN[0m
  ↳ app/models/user.rb:27
  [1m[36mUser Exists (0.2ms)[0m  [1m[34mSELECT  1 AS one FROM "users" WHERE "users"."email" = $1 AND "users"."id" != $2 LIMIT $3[0m  [["email", "321"], ["id", 4], ["LIMIT", 1]]
  ↳ app/models/user.rb:27
  [1m[36mUser Update (0.3ms)[0m  [1m[33mUPDATE "users" SET "session_token" = $1, "updated_at" = $2 WHERE "users"."id" = $3[0m  [["session_token", "2ahloOs3yPEGTUiKj0S8ng"], ["updated_at", "2019-10-07 22:11:34.070370"], ["id", 4]]
  ↳ app/models/user.rb:27
  [1m[35m (1.9ms)[0m  [1m[35mCOMMIT[0m
  ↳ app/models/user.rb:27
  Rendering api/users/show.json.jbuilder
  Rendered api/users/_user.json.jbuilder (0.2ms)
  Rendered api/users/show.json.jbuilder (1.7ms)
Completed 200 OK in 190ms (Views: 6.0ms | ActiveRecord: 2.9ms)


Started DELETE "/api/session" for ::1 at 2019-10-07 15:11:36 -0700
Processing by Api::SessionsController#destroy as JSON
  [1m[36mUser Load (0.3ms)[0m  [1m[34mSELECT  "users".* FROM "users" WHERE "users"."session_token" = $1 LIMIT $2[0m  [["session_token", "2ahloOs3yPEGTUiKj0S8ng"], ["LIMIT", 1]]
  ↳ app/controllers/application_controller.rb:8
  [1m[36mUser Load (0.3ms)[0m  [1m[34mSELECT  "users".* FROM "users" WHERE "users"."session_token" = $1 LIMIT $2[0m  [["session_token", "U7ByziQSrGzgQAcnoAX7TA"], ["LIMIT", 1]]
  ↳ app/models/user.rb:43
  [1m[35m (0.1ms)[0m  [1m[35mBEGIN[0m
  ↳ app/models/user.rb:27
  [1m[36mUser Exists (0.3ms)[0m  [1m[34mSELECT  1 AS one FROM "users" WHERE "users"."email" = $1 AND "users"."id" != $2 LIMIT $3[0m  [["email", "321"], ["id", 4], ["LIMIT", 1]]
  ↳ app/models/user.rb:27
  [1m[36mUser Update (0.3ms)[0m  [1m[33mUPDATE "users" SET "session_token" = $1, "updated_at" = $2 WHERE "users"."id" = $3[0m  [["session_token", "U7ByziQSrGzgQAcnoAX7TA"], ["updated_at", "2019-10-07 22:11:36.584652"], ["id", 4]]
  ↳ app/models/user.rb:27
  [1m[35m (2.4ms)[0m  [1m[35mCOMMIT[0m
  ↳ app/models/user.rb:27
Completed 200 OK in 8ms (Views: 0.1ms | ActiveRecord: 3.8ms)


  [1m[35m (0.7ms)[0m  [1m[34mSELECT "schema_migrations"."version" FROM "schema_migrations" ORDER BY "schema_migrations"."version" ASC[0m
  ↳ bin/rails:9
  [1m[35m (0.3ms)[0m  [1m[34mSELECT "ar_internal_metadata"."value" FROM "ar_internal_metadata" WHERE "ar_internal_metadata"."key" = $1[0m  [["key", "environment"]]
  ↳ bin/rails:9
  [1m[35m (0.2ms)[0m  [1m[34mSELECT "schema_migrations"."version" FROM "schema_migrations" ORDER BY "schema_migrations"."version" ASC[0m
  ↳ bin/rails:9
  [1m[35m (0.1ms)[0m  [1m[34mSELECT "ar_internal_metadata"."value" FROM "ar_internal_metadata" WHERE "ar_internal_metadata"."key" = $1[0m  [["key", "environment"]]
  ↳ bin/rails:9
  [1m[35m (0.1ms)[0m  [1m[34mSELECT "schema_migrations"."version" FROM "schema_migrations" ORDER BY "schema_migrations"."version" ASC[0m
  ↳ bin/rails:9
  [1m[35m (0.1ms)[0m  [1m[34mSELECT "ar_internal_metadata"."value" FROM "ar_internal_metadata" WHERE "ar_internal_metadata"."key" = $1[0m  [["key", "environment"]]
  ↳ bin/rails:9
  [1m[35m (8321.0ms)[0m  [1m[35mDROP DATABASE IF EXISTS "facebook_development"[0m
  ↳ bin/rails:9
  [1m[35m (0.5ms)[0m  [1m[34mSELECT "schema_migrations"."version" FROM "schema_migrations" ORDER BY "schema_migrations"."version" ASC[0m
  ↳ bin/rails:9
  [1m[35m (0.3ms)[0m  [1m[34mSELECT "ar_internal_metadata"."value" FROM "ar_internal_metadata" WHERE "ar_internal_metadata"."key" = $1[0m  [["key", "environment"]]
  ↳ bin/rails:9
  [1m[35m (0.1ms)[0m  [1m[34mSELECT "schema_migrations"."version" FROM "schema_migrations" ORDER BY "schema_migrations"."version" ASC[0m
  ↳ bin/rails:9
  [1m[35m (0.1ms)[0m  [1m[34mSELECT "ar_internal_metadata"."value" FROM "ar_internal_metadata" WHERE "ar_internal_metadata"."key" = $1[0m  [["key", "environment"]]
  ↳ bin/rails:9
  [1m[35m (0.2ms)[0m  [1m[34mSELECT "schema_migrations"."version" FROM "schema_migrations" ORDER BY "schema_migrations"."version" ASC[0m
  ↳ bin/rails:9
  [1m[35m (0.1ms)[0m  [1m[34mSELECT "ar_internal_metadata"."value" FROM "ar_internal_metadata" WHERE "ar_internal_metadata"."key" = $1[0m  [["key", "environment"]]
  ↳ bin/rails:9
  [1m[35m (8253.1ms)[0m  [1m[35mDROP DATABASE IF EXISTS "facebook_development"[0m
  ↳ bin/rails:9
  [1m[35m (0.5ms)[0m  [1m[34mSELECT "schema_migrations"."version" FROM "schema_migrations" ORDER BY "schema_migrations"."version" ASC[0m
  ↳ bin/rails:9
  [1m[35m (0.2ms)[0m  [1m[34mSELECT "ar_internal_metadata"."value" FROM "ar_internal_metadata" WHERE "ar_internal_metadata"."key" = $1[0m  [["key", "environment"]]
  ↳ bin/rails:9
  [1m[35m (0.1ms)[0m  [1m[34mSELECT "schema_migrations"."version" FROM "schema_migrations" ORDER BY "schema_migrations"."version" ASC[0m
  ↳ bin/rails:9
  [1m[35m (0.2ms)[0m  [1m[34mSELECT "ar_internal_metadata"."value" FROM "ar_internal_metadata" WHERE "ar_internal_metadata"."key" = $1[0m  [["key", "environment"]]
  ↳ bin/rails:9
  [1m[35m (0.2ms)[0m  [1m[34mSELECT "schema_migrations"."version" FROM "schema_migrations" ORDER BY "schema_migrations"."version" ASC[0m
  ↳ bin/rails:9
  [1m[35m (0.1ms)[0m  [1m[34mSELECT "ar_internal_metadata"."value" FROM "ar_internal_metadata" WHERE "ar_internal_metadata"."key" = $1[0m  [["key", "environment"]]
  ↳ bin/rails:9
  [1m[35m (214.4ms)[0m  [1m[35mDROP DATABASE IF EXISTS "facebook_development"[0m
  ↳ bin/rails:9
  [1m[35m (196.8ms)[0m  [1m[35mDROP DATABASE IF EXISTS "facebook_test"[0m
  ↳ bin/rails:9
  [1m[35m (512.8ms)[0m  [1m[35mCREATE DATABASE "facebook_development" ENCODING = 'unicode'[0m
  ↳ bin/rails:9
  [1m[35m (391.6ms)[0m  [1m[35mCREATE DATABASE "facebook_test" ENCODING = 'unicode'[0m
  ↳ bin/rails:9
  [1m[35mSQL (0.4ms)[0m  [1m[35mCREATE EXTENSION IF NOT EXISTS "plpgsql"[0m
  ↳ db/schema.rb:16
  [1m[35m (0.1ms)[0m  [1m[35mDROP TABLE IF EXISTS "users" CASCADE[0m
  ↳ db/schema.rb:18
  [1m[35m (5.4ms)[0m  [1m[35mCREATE TABLE "users" ("id" bigserial primary key, "email" character varying NOT NULL, "password_digest" character varying NOT NULL, "session_token" character varying NOT NULL, "created_at" timestamp NOT NULL, "updated_at" timestamp NOT NULL)[0m
  ↳ db/schema.rb:18
  [1m[35m (1.3ms)[0m  [1m[35mCREATE UNIQUE INDEX  "index_users_on_email" ON "users"  ("email")[0m
  ↳ db/schema.rb:18
  [1m[35m (1.0ms)[0m  [1m[35mCREATE UNIQUE INDEX  "index_users_on_session_token" ON "users"  ("session_token")[0m
  ↳ db/schema.rb:18
  [1m[35m (2.4ms)[0m  [1m[35mCREATE TABLE "schema_migrations" ("version" character varying NOT NULL PRIMARY KEY)[0m
  ↳ db/schema.rb:13
  [1m[35m (0.4ms)[0m  [1m[34mSELECT "schema_migrations"."version" FROM "schema_migrations" ORDER BY "schema_migrations"."version" ASC[0m
  ↳ db/schema.rb:13
  [1m[35m (0.4ms)[0m  [1m[32mINSERT INTO "schema_migrations" (version) VALUES (20191007203024)[0m
  ↳ db/schema.rb:13
  [1m[35m (2.8ms)[0m  [1m[35mCREATE TABLE "ar_internal_metadata" ("key" character varying NOT NULL PRIMARY KEY, "value" character varying, "created_at" timestamp NOT NULL, "updated_at" timestamp NOT NULL)[0m
  ↳ db/schema.rb:13
  [1m[36mActiveRecord::InternalMetadata Load (0.4ms)[0m  [1m[34mSELECT  "ar_internal_metadata".* FROM "ar_internal_metadata" WHERE "ar_internal_metadata"."key" = $1 LIMIT $2[0m  [["key", "environment"], ["LIMIT", 1]]
  ↳ db/schema.rb:13
  [1m[35m (0.1ms)[0m  [1m[35mBEGIN[0m
  ↳ db/schema.rb:13
  [1m[36mActiveRecord::InternalMetadata Create (0.5ms)[0m  [1m[32mINSERT INTO "ar_internal_metadata" ("key", "value", "created_at", "updated_at") VALUES ($1, $2, $3, $4) RETURNING "key"[0m  [["key", "environment"], ["value", "development"], ["created_at", "2019-10-07 22:15:47.410675"], ["updated_at", "2019-10-07 22:15:47.410675"]]
  ↳ db/schema.rb:13
  [1m[35m (0.4ms)[0m  [1m[35mCOMMIT[0m
  ↳ db/schema.rb:13
  [1m[36mActiveRecord::InternalMetadata Load (0.2ms)[0m  [1m[34mSELECT  "ar_internal_metadata".* FROM "ar_internal_metadata" WHERE "ar_internal_metadata"."key" = $1 LIMIT $2[0m  [["key", "environment"], ["LIMIT", 1]]
  ↳ bin/rails:9
  [1m[35m (0.1ms)[0m  [1m[35mBEGIN[0m
  ↳ bin/rails:9
  [1m[35m (0.1ms)[0m  [1m[35mCOMMIT[0m
  ↳ bin/rails:9
  [1m[35mSQL (0.3ms)[0m  [1m[35mCREATE EXTENSION IF NOT EXISTS "plpgsql"[0m
  ↳ db/schema.rb:16
  [1m[35m (0.2ms)[0m  [1m[35mDROP TABLE IF EXISTS "users" CASCADE[0m
  ↳ db/schema.rb:18
  [1m[35m (5.9ms)[0m  [1m[35mCREATE TABLE "users" ("id" bigserial primary key, "email" character varying NOT NULL, "password_digest" character varying NOT NULL, "session_token" character varying NOT NULL, "created_at" timestamp NOT NULL, "updated_at" timestamp NOT NULL)[0m
  ↳ db/schema.rb:18
  [1m[35m (1.2ms)[0m  [1m[35mCREATE UNIQUE INDEX  "index_users_on_email" ON "users"  ("email")[0m
  ↳ db/schema.rb:18
  [1m[35m (1.0ms)[0m  [1m[35mCREATE UNIQUE INDEX  "index_users_on_session_token" ON "users"  ("session_token")[0m
  ↳ db/schema.rb:18
  [1m[35m (2.4ms)[0m  [1m[35mCREATE TABLE "schema_migrations" ("version" character varying NOT NULL PRIMARY KEY)[0m
  ↳ db/schema.rb:13
  [1m[35m (0.5ms)[0m  [1m[34mSELECT "schema_migrations"."version" FROM "schema_migrations" ORDER BY "schema_migrations"."version" ASC[0m
  ↳ db/schema.rb:13
  [1m[35m (0.5ms)[0m  [1m[32mINSERT INTO "schema_migrations" (version) VALUES (20191007203024)[0m
  ↳ db/schema.rb:13
  [1m[35m (2.4ms)[0m  [1m[35mCREATE TABLE "ar_internal_metadata" ("key" character varying NOT NULL PRIMARY KEY, "value" character varying, "created_at" timestamp NOT NULL, "updated_at" timestamp NOT NULL)[0m
  ↳ db/schema.rb:13
  [1m[36mActiveRecord::InternalMetadata Load (0.4ms)[0m  [1m[34mSELECT  "ar_internal_metadata".* FROM "ar_internal_metadata" WHERE "ar_internal_metadata"."key" = $1 LIMIT $2[0m  [["key", "environment"], ["LIMIT", 1]]
  ↳ db/schema.rb:13
  [1m[35m (0.1ms)[0m  [1m[35mBEGIN[0m
  ↳ db/schema.rb:13
  [1m[36mActiveRecord::InternalMetadata Create (0.4ms)[0m  [1m[32mINSERT INTO "ar_internal_metadata" ("key", "value", "created_at", "updated_at") VALUES ($1, $2, $3, $4) RETURNING "key"[0m  [["key", "environment"], ["value", "development"], ["created_at", "2019-10-07 22:15:47.500537"], ["updated_at", "2019-10-07 22:15:47.500537"]]
  ↳ db/schema.rb:13
  [1m[35m (0.3ms)[0m  [1m[35mCOMMIT[0m
  ↳ db/schema.rb:13
  [1m[36mActiveRecord::InternalMetadata Load (0.2ms)[0m  [1m[34mSELECT  "ar_internal_metadata".* FROM "ar_internal_metadata" WHERE "ar_internal_metadata"."key" = $1 LIMIT $2[0m  [["key", "environment"], ["LIMIT", 1]]
  ↳ bin/rails:9
  [1m[35m (0.1ms)[0m  [1m[35mBEGIN[0m
  ↳ bin/rails:9
  [1m[36mActiveRecord::InternalMetadata Update (0.3ms)[0m  [1m[33mUPDATE "ar_internal_metadata" SET "value" = $1, "updated_at" = $2 WHERE "ar_internal_metadata"."key" = $3[0m  [["value", "test"], ["updated_at", "2019-10-07 22:15:47.503581"], ["key", "environment"]]
  ↳ bin/rails:9
  [1m[35m (0.3ms)[0m  [1m[35mCOMMIT[0m
  ↳ bin/rails:9
  [1m[35m (0.7ms)[0m  [1m[34mSELECT "schema_migrations"."version" FROM "schema_migrations" ORDER BY "schema_migrations"."version" ASC[0m
  ↳ bin/rails:9
Started GET "/" for ::1 at 2019-10-07 15:29:35 -0700
  [1m[35m (0.6ms)[0m  [1m[34mSELECT "schema_migrations"."version" FROM "schema_migrations" ORDER BY "schema_migrations"."version" ASC[0m
  ↳ /Users/patrickmondala/.rbenv/versions/2.5.1/lib/ruby/gems/2.5.0/gems/activerecord-5.2.3/lib/active_record/log_subscriber.rb:98

ActiveRecord::PendingMigrationError - Migrations are pending. To resolve this issue, run:

        bin/rails db:migrate RAILS_ENV=development

:

Started POST "/__better_errors/840a0153a1eba1a7/variables" for ::1 at 2019-10-07 15:29:35 -0700
  [1m[35m (0.8ms)[0m  [1m[34mSELECT pg_try_advisory_lock(8130582414369199050)[0m
  ↳ bin/rails:9
  [1m[35m (0.6ms)[0m  [1m[34mSELECT "schema_migrations"."version" FROM "schema_migrations" ORDER BY "schema_migrations"."version" ASC[0m
  ↳ bin/rails:9
Migrating to AddDetailsToUsers (20191007222043)
  [1m[35m (0.1ms)[0m  [1m[35mBEGIN[0m
  ↳ bin/rails:9
  [1m[35m (41.9ms)[0m  [1m[35mALTER TABLE "users" ADD "first_name" character varying NOT NULL[0m
  ↳ db/migrate/20191007222043_add_details_to_users.rb:3
  [1m[35m (0.2ms)[0m  [1m[35mALTER TABLE "users" ADD "last_name" character varying NOT NULL[0m
  ↳ db/migrate/20191007222043_add_details_to_users.rb:4
  [1m[35m (0.3ms)[0m  [1m[35mALTER TABLE "users" ADD "birth_date" date NOT NULL[0m
  ↳ db/migrate/20191007222043_add_details_to_users.rb:5
  [1m[35m (0.2ms)[0m  [1m[35mALTER TABLE "users" ADD "gender" character varying NOT NULL[0m
  ↳ db/migrate/20191007222043_add_details_to_users.rb:6
  [1m[35m (0.2ms)[0m  [1m[35mALTER TABLE "users" ADD "bio" character varying[0m
  ↳ db/migrate/20191007222043_add_details_to_users.rb:7
  [1m[35m (0.2ms)[0m  [1m[35mALTER TABLE "users" ADD "location" character varying[0m
  ↳ db/migrate/20191007222043_add_details_to_users.rb:8
  [1m[35m (0.2ms)[0m  [1m[35mALTER TABLE "users" ADD "current_city" character varying[0m
  ↳ db/migrate/20191007222043_add_details_to_users.rb:9
  [1m[35m (0.2ms)[0m  [1m[35mALTER TABLE "users" ADD "hometown" character varying[0m
  ↳ db/migrate/20191007222043_add_details_to_users.rb:10
  [1m[35m (0.2ms)[0m  [1m[35mALTER TABLE "users" ADD "workplace" character varying[0m
  ↳ db/migrate/20191007222043_add_details_to_users.rb:11
  [1m[35m (0.2ms)[0m  [1m[35mALTER TABLE "users" ADD "education" character varying[0m
  ↳ db/migrate/20191007222043_add_details_to_users.rb:12
  [1m[36mActiveRecord::SchemaMigration Create (0.6ms)[0m  [1m[32mINSERT INTO "schema_migrations" ("version") VALUES ($1) RETURNING "version"[0m  [["version", "20191007222043"]]
  ↳ bin/rails:9
  [1m[35m (0.3ms)[0m  [1m[35mCOMMIT[0m
  ↳ bin/rails:9
  [1m[36mActiveRecord::InternalMetadata Load (0.3ms)[0m  [1m[34mSELECT  "ar_internal_metadata".* FROM "ar_internal_metadata" WHERE "ar_internal_metadata"."key" = $1 LIMIT $2[0m  [["key", "environment"], ["LIMIT", 1]]
  ↳ bin/rails:9
  [1m[35m (0.1ms)[0m  [1m[35mBEGIN[0m
  ↳ bin/rails:9
  [1m[35m (0.1ms)[0m  [1m[35mCOMMIT[0m
  ↳ bin/rails:9
  [1m[35m (0.2ms)[0m  [1m[34mSELECT pg_advisory_unlock(8130582414369199050)[0m
  ↳ bin/rails:9
  [1m[35m (0.2ms)[0m  [1m[34mSELECT "schema_migrations"."version" FROM "schema_migrations" ORDER BY "schema_migrations"."version" ASC[0m
  ↳ bin/rails:9
Started GET "/" for ::1 at 2019-10-07 15:48:13 -0700
  [1m[35m (0.5ms)[0m  [1m[34mSELECT "schema_migrations"."version" FROM "schema_migrations" ORDER BY "schema_migrations"."version" ASC[0m
  ↳ /Users/patrickmondala/.rbenv/versions/2.5.1/lib/ruby/gems/2.5.0/gems/activerecord-5.2.3/lib/active_record/log_subscriber.rb:98
Processing by StaticPagesController#root as HTML
  Rendering static_pages/root.html.erb within layouts/application
  Rendered static_pages/root.html.erb within layouts/application (5.5ms)
Completed 200 OK in 959ms (Views: 957.7ms | ActiveRecord: 0.0ms)


Started GET "/" for ::1 at 2019-10-07 15:50:07 -0700
Processing by StaticPagesController#root as HTML
  Rendering static_pages/root.html.erb within layouts/application
  Rendered static_pages/root.html.erb within layouts/application (0.5ms)
Completed 200 OK in 273ms (Views: 271.3ms | ActiveRecord: 0.0ms)


Started GET "/" for ::1 at 2019-10-07 15:50:25 -0700
Processing by StaticPagesController#root as HTML
  Rendering static_pages/root.html.erb within layouts/application
  Rendered static_pages/root.html.erb within layouts/application (0.4ms)
Completed 200 OK in 257ms (Views: 256.0ms | ActiveRecord: 0.0ms)


Started GET "/" for ::1 at 2019-10-07 15:51:10 -0700
Processing by StaticPagesController#root as HTML
  Rendering static_pages/root.html.erb within layouts/application
  Rendered static_pages/root.html.erb within layouts/application (0.5ms)
Completed 200 OK in 262ms (Views: 260.3ms | ActiveRecord: 0.0ms)


Started GET "/" for ::1 at 2019-10-07 15:51:23 -0700
Processing by StaticPagesController#root as HTML
  Rendering static_pages/root.html.erb within layouts/application
  Rendered static_pages/root.html.erb within layouts/application (0.6ms)
Completed 200 OK in 322ms (Views: 321.1ms | ActiveRecord: 0.0ms)


Started GET "/" for ::1 at 2019-10-07 15:54:26 -0700
Processing by StaticPagesController#root as HTML
  Rendering static_pages/root.html.erb within layouts/application
  Rendered static_pages/root.html.erb within layouts/application (0.4ms)
Completed 200 OK in 305ms (Views: 303.9ms | ActiveRecord: 0.0ms)


Started GET "/" for ::1 at 2019-10-07 15:55:05 -0700
Processing by StaticPagesController#root as HTML
  Rendering static_pages/root.html.erb within layouts/application
  Rendered static_pages/root.html.erb within layouts/application (0.4ms)
Completed 200 OK in 255ms (Views: 254.1ms | ActiveRecord: 0.0ms)


Started GET "/" for ::1 at 2019-10-07 15:55:22 -0700
Processing by StaticPagesController#root as HTML
  Rendering static_pages/root.html.erb within layouts/application
  Rendered static_pages/root.html.erb within layouts/application (0.6ms)
Completed 200 OK in 260ms (Views: 258.5ms | ActiveRecord: 0.0ms)


Started GET "/" for ::1 at 2019-10-07 15:55:29 -0700
Processing by StaticPagesController#root as HTML
  Rendering static_pages/root.html.erb within layouts/application
  Rendered static_pages/root.html.erb within layouts/application (0.6ms)
Completed 200 OK in 264ms (Views: 262.8ms | ActiveRecord: 0.0ms)


Started GET "/" for ::1 at 2019-10-07 15:56:38 -0700
Processing by StaticPagesController#root as HTML
  Rendering static_pages/root.html.erb within layouts/application
  Rendered static_pages/root.html.erb within layouts/application (0.7ms)
Completed 200 OK in 275ms (Views: 273.4ms | ActiveRecord: 0.0ms)


Started GET "/" for ::1 at 2019-10-07 15:57:01 -0700
Processing by StaticPagesController#root as HTML
  Rendering static_pages/root.html.erb within layouts/application
  Rendered static_pages/root.html.erb within layouts/application (0.5ms)
Completed 200 OK in 268ms (Views: 266.7ms | ActiveRecord: 0.0ms)


Started GET "/" for ::1 at 2019-10-07 15:57:45 -0700
Processing by StaticPagesController#root as HTML
  Rendering static_pages/root.html.erb within layouts/application
  Rendered static_pages/root.html.erb within layouts/application (0.4ms)
Completed 200 OK in 275ms (Views: 273.7ms | ActiveRecord: 0.0ms)


Started GET "/" for ::1 at 2019-10-07 15:58:16 -0700
Processing by StaticPagesController#root as HTML
  Rendering static_pages/root.html.erb within layouts/application
  Rendered static_pages/root.html.erb within layouts/application (0.5ms)
Completed 200 OK in 277ms (Views: 275.2ms | ActiveRecord: 0.0ms)


Started GET "/" for ::1 at 2019-10-07 16:02:44 -0700
Processing by StaticPagesController#root as HTML
  Rendering static_pages/root.html.erb within layouts/application
  Rendered static_pages/root.html.erb within layouts/application (0.7ms)
Completed 200 OK in 272ms (Views: 270.7ms | ActiveRecord: 0.0ms)


Started GET "/" for ::1 at 2019-10-07 16:05:48 -0700
Processing by StaticPagesController#root as HTML
  Rendering static_pages/root.html.erb within layouts/application
  Rendered static_pages/root.html.erb within layouts/application (0.8ms)
Completed 200 OK in 278ms (Views: 276.3ms | ActiveRecord: 0.0ms)


Started GET "/" for ::1 at 2019-10-07 16:06:53 -0700
Processing by StaticPagesController#root as HTML
  Rendering static_pages/root.html.erb within layouts/application
  Rendered static_pages/root.html.erb within layouts/application (0.4ms)
Completed 200 OK in 292ms (Views: 291.0ms | ActiveRecord: 0.0ms)


Started GET "/" for ::1 at 2019-10-07 16:07:30 -0700
Processing by StaticPagesController#root as HTML
  Rendering static_pages/root.html.erb within layouts/application
  Rendered static_pages/root.html.erb within layouts/application (0.6ms)
Completed 200 OK in 265ms (Views: 264.0ms | ActiveRecord: 0.0ms)


Started GET "/" for ::1 at 2019-10-07 16:07:47 -0700
Processing by StaticPagesController#root as HTML
  Rendering static_pages/root.html.erb within layouts/application
  Rendered static_pages/root.html.erb within layouts/application (0.4ms)
Completed 200 OK in 256ms (Views: 254.8ms | ActiveRecord: 0.0ms)


Started GET "/" for ::1 at 2019-10-07 16:09:20 -0700
Processing by StaticPagesController#root as HTML
  Rendering static_pages/root.html.erb within layouts/application
  Rendered static_pages/root.html.erb within layouts/application (0.4ms)
Completed 200 OK in 263ms (Views: 261.8ms | ActiveRecord: 0.0ms)


Started GET "/" for ::1 at 2019-10-07 16:11:43 -0700
Processing by StaticPagesController#root as HTML
  Rendering static_pages/root.html.erb within layouts/application
  Rendered static_pages/root.html.erb within layouts/application (0.7ms)
Completed 200 OK in 21ms (Views: 19.3ms | ActiveRecord: 0.0ms)


Started GET "/" for ::1 at 2019-10-07 16:12:25 -0700
Processing by StaticPagesController#root as HTML
  Rendering static_pages/root.html.erb within layouts/application
  Rendered static_pages/root.html.erb within layouts/application (1.1ms)
Completed 200 OK in 262ms (Views: 260.4ms | ActiveRecord: 0.0ms)


Started GET "/" for ::1 at 2019-10-07 16:12:58 -0700
Processing by StaticPagesController#root as HTML
  Rendering static_pages/root.html.erb within layouts/application
  Rendered static_pages/root.html.erb within layouts/application (0.7ms)
Completed 200 OK in 274ms (Views: 273.0ms | ActiveRecord: 0.0ms)


Started GET "/" for ::1 at 2019-10-07 16:15:31 -0700
Processing by StaticPagesController#root as HTML
  Rendering static_pages/root.html.erb within layouts/application
  Rendered static_pages/root.html.erb within layouts/application (0.6ms)
Completed 200 OK in 347ms (Views: 345.5ms | ActiveRecord: 0.0ms)


Started GET "/" for ::1 at 2019-10-07 16:22:11 -0700
Processing by StaticPagesController#root as HTML
  Rendering static_pages/root.html.erb within layouts/application
  Rendered static_pages/root.html.erb within layouts/application (0.7ms)
Completed 200 OK in 335ms (Views: 333.0ms | ActiveRecord: 0.0ms)


Started GET "/" for ::1 at 2019-10-07 16:24:37 -0700
Processing by StaticPagesController#root as HTML
  Rendering static_pages/root.html.erb within layouts/application
  Rendered static_pages/root.html.erb within layouts/application (0.7ms)
Completed 200 OK in 281ms (Views: 279.1ms | ActiveRecord: 0.0ms)


Started GET "/" for ::1 at 2019-10-07 16:37:41 -0700
Processing by StaticPagesController#root as HTML
  Rendering static_pages/root.html.erb within layouts/application
  Rendered static_pages/root.html.erb within layouts/application (0.5ms)
Completed 200 OK in 287ms (Views: 284.9ms | ActiveRecord: 0.0ms)


Started GET "/" for ::1 at 2019-10-07 16:38:07 -0700
Processing by StaticPagesController#root as HTML
  Rendering static_pages/root.html.erb within layouts/application
  Rendered static_pages/root.html.erb within layouts/application (0.5ms)
Completed 200 OK in 294ms (Views: 292.3ms | ActiveRecord: 0.0ms)


Started GET "/" for ::1 at 2019-10-07 16:38:42 -0700
Processing by StaticPagesController#root as HTML
  Rendering static_pages/root.html.erb within layouts/application
  Rendered static_pages/root.html.erb within layouts/application (0.5ms)
Completed 200 OK in 285ms (Views: 284.5ms | ActiveRecord: 0.0ms)


Started GET "/" for ::1 at 2019-10-07 16:40:18 -0700
Processing by StaticPagesController#root as HTML
  Rendering static_pages/root.html.erb within layouts/application
  Rendered static_pages/root.html.erb within layouts/application (0.7ms)
Completed 200 OK in 281ms (Views: 279.2ms | ActiveRecord: 0.0ms)


Started GET "/" for ::1 at 2019-10-07 16:41:17 -0700
Processing by StaticPagesController#root as HTML
  Rendering static_pages/root.html.erb within layouts/application
  Rendered static_pages/root.html.erb within layouts/application (0.7ms)
Completed 200 OK in 275ms (Views: 273.5ms | ActiveRecord: 0.0ms)


Started GET "/" for ::1 at 2019-10-07 16:42:29 -0700
Processing by StaticPagesController#root as HTML
  Rendering static_pages/root.html.erb within layouts/application
  Rendered static_pages/root.html.erb within layouts/application (0.6ms)
Completed 200 OK in 312ms (Views: 310.0ms | ActiveRecord: 0.0ms)


Started GET "/" for ::1 at 2019-10-07 16:42:37 -0700
Processing by StaticPagesController#root as HTML
  Rendering static_pages/root.html.erb within layouts/application
  Rendered static_pages/root.html.erb within layouts/application (0.4ms)
Completed 200 OK in 334ms (Views: 332.6ms | ActiveRecord: 0.0ms)


Started GET "/" for ::1 at 2019-10-07 16:42:59 -0700
Processing by StaticPagesController#root as HTML
  Rendering static_pages/root.html.erb within layouts/application
  Rendered static_pages/root.html.erb within layouts/application (0.6ms)
Completed 200 OK in 273ms (Views: 271.3ms | ActiveRecord: 0.0ms)


Started GET "/" for ::1 at 2019-10-07 16:43:53 -0700
Processing by StaticPagesController#root as HTML
  Rendering static_pages/root.html.erb within layouts/application
  Rendered static_pages/root.html.erb within layouts/application (0.5ms)
Completed 200 OK in 273ms (Views: 271.3ms | ActiveRecord: 0.0ms)


Started GET "/" for ::1 at 2019-10-07 16:44:35 -0700
Processing by StaticPagesController#root as HTML
  Rendering static_pages/root.html.erb within layouts/application
  Rendered static_pages/root.html.erb within layouts/application (0.4ms)
Completed 200 OK in 17ms (Views: 16.0ms | ActiveRecord: 0.0ms)


Started GET "/" for ::1 at 2019-10-07 16:45:37 -0700
Processing by StaticPagesController#root as HTML
  Rendering static_pages/root.html.erb within layouts/application
  Rendered static_pages/root.html.erb within layouts/application (1.0ms)
Completed 200 OK in 15ms (Views: 13.5ms | ActiveRecord: 0.0ms)


Started POST "/api/user" for ::1 at 2019-10-07 16:45:56 -0700
Processing by Api::UsersController#create as JSON
  Parameters: {"user"=>{"email"=>"pat", "password"=>"[FILTERED]", "first_name"=>"patrick", "last_name"=>"mondala", "birth_date"=>"2001-07-03", "gender"=>"male"}}
  [1m[36mUser Load (0.5ms)[0m  [1m[34mSELECT  "users".* FROM "users" WHERE "users"."session_token" = $1 LIMIT $2[0m  [["session_token", "8Tdcc7vCAga4CEFuKJQ09g"], ["LIMIT", 1]]
  ↳ app/models/user.rb:43
  [1m[35m (0.1ms)[0m  [1m[35mBEGIN[0m
  ↳ app/controllers/api/users_controller.rb:5
  [1m[36mUser Exists (0.6ms)[0m  [1m[34mSELECT  1 AS one FROM "users" WHERE "users"."email" = $1 LIMIT $2[0m  [["email", "pat"], ["LIMIT", 1]]
  ↳ app/controllers/api/users_controller.rb:5
  [1m[36mUser Create (80.8ms)[0m  [1m[32mINSERT INTO "users" ("email", "password_digest", "session_token", "created_at", "updated_at", "first_name", "last_name", "birth_date", "gender") VALUES ($1, $2, $3, $4, $5, $6, $7, $8, $9) RETURNING "id"[0m  [["email", "pat"], ["password_digest", "$2a$12$Qq2/jFsZKtHcRsSWCa.Jq.3WNbJsVo1kAmXVzom4Knu.YbLdg0eLG"], ["session_token", "8Tdcc7vCAga4CEFuKJQ09g"], ["created_at", "2019-10-07 23:45:56.420234"], ["updated_at", "2019-10-07 23:45:56.420234"], ["first_name", "patrick"], ["last_name", "mondala"], ["birth_date", "2001-07-03"], ["gender", "male"]]
  ↳ app/controllers/api/users_controller.rb:5
  [1m[35m (0.5ms)[0m  [1m[35mCOMMIT[0m
  ↳ app/controllers/api/users_controller.rb:5
  [1m[36mUser Load (0.5ms)[0m  [1m[34mSELECT  "users".* FROM "users" WHERE "users"."session_token" = $1 LIMIT $2[0m  [["session_token", "PDoe0QmUfvU7XLvBu6_uIg"], ["LIMIT", 1]]
  ↳ app/models/user.rb:43
  [1m[35m (0.1ms)[0m  [1m[35mBEGIN[0m
  ↳ app/models/user.rb:27
  [1m[36mUser Exists (0.3ms)[0m  [1m[34mSELECT  1 AS one FROM "users" WHERE "users"."email" = $1 AND "users"."id" != $2 LIMIT $3[0m  [["email", "pat"], ["id", 1], ["LIMIT", 1]]
  ↳ app/models/user.rb:27
  [1m[36mUser Update (0.4ms)[0m  [1m[33mUPDATE "users" SET "session_token" = $1, "updated_at" = $2 WHERE "users"."id" = $3[0m  [["session_token", "PDoe0QmUfvU7XLvBu6_uIg"], ["updated_at", "2019-10-07 23:45:56.506743"], ["id", 1]]
  ↳ app/models/user.rb:27
  [1m[35m (0.3ms)[0m  [1m[35mCOMMIT[0m
  ↳ app/models/user.rb:27
  Rendering api/users/show.json.jbuilder
  Rendered api/users/_user.json.jbuilder (0.3ms)
  Rendered api/users/show.json.jbuilder (1.4ms)
Completed 200 OK in 299ms (Views: 5.7ms | ActiveRecord: 92.5ms)


Started DELETE "/api/session" for ::1 at 2019-10-07 16:46:04 -0700
Processing by Api::SessionsController#destroy as JSON
  [1m[36mUser Load (0.5ms)[0m  [1m[34mSELECT  "users".* FROM "users" WHERE "users"."session_token" = $1 LIMIT $2[0m  [["session_token", "PDoe0QmUfvU7XLvBu6_uIg"], ["LIMIT", 1]]
  ↳ app/controllers/application_controller.rb:8
  [1m[36mUser Load (0.5ms)[0m  [1m[34mSELECT  "users".* FROM "users" WHERE "users"."session_token" = $1 LIMIT $2[0m  [["session_token", "y4cvm9L1DoWMRJl_PwPCNg"], ["LIMIT", 1]]
  ↳ app/models/user.rb:43
  [1m[35m (0.1ms)[0m  [1m[35mBEGIN[0m
  ↳ app/models/user.rb:27
  [1m[36mUser Exists (0.3ms)[0m  [1m[34mSELECT  1 AS one FROM "users" WHERE "users"."email" = $1 AND "users"."id" != $2 LIMIT $3[0m  [["email", "pat"], ["id", 1], ["LIMIT", 1]]
  ↳ app/models/user.rb:27
  [1m[36mUser Update (0.3ms)[0m  [1m[33mUPDATE "users" SET "session_token" = $1, "updated_at" = $2 WHERE "users"."id" = $3[0m  [["session_token", "y4cvm9L1DoWMRJl_PwPCNg"], ["updated_at", "2019-10-07 23:46:04.094466"], ["id", 1]]
  ↳ app/models/user.rb:27
  [1m[35m (40.4ms)[0m  [1m[35mCOMMIT[0m
  ↳ app/models/user.rb:27
Completed 200 OK in 47ms (Views: 0.2ms | ActiveRecord: 42.1ms)


Started POST "/api/session" for ::1 at 2019-10-07 16:46:13 -0700
Processing by Api::SessionsController#create as JSON
  Parameters: {"user"=>{"email"=>"pat", "password"=>"[FILTERED]"}}
  [1m[36mUser Load (0.3ms)[0m  [1m[34mSELECT  "users".* FROM "users" WHERE "users"."email" = $1 LIMIT $2[0m  [["email", "pat"], ["LIMIT", 1]]
  ↳ app/models/user.rb:11
  [1m[36mUser Load (0.4ms)[0m  [1m[34mSELECT  "users".* FROM "users" WHERE "users"."session_token" = $1 LIMIT $2[0m  [["session_token", "Uwh47EIf4yLbw6tcZlwIGA"], ["LIMIT", 1]]
  ↳ app/models/user.rb:43
  [1m[35m (0.2ms)[0m  [1m[35mBEGIN[0m
  ↳ app/models/user.rb:27
  [1m[36mUser Exists (0.3ms)[0m  [1m[34mSELECT  1 AS one FROM "users" WHERE "users"."email" = $1 AND "users"."id" != $2 LIMIT $3[0m  [["email", "pat"], ["id", 1], ["LIMIT", 1]]
  ↳ app/models/user.rb:27
  [1m[36mUser Update (0.4ms)[0m  [1m[33mUPDATE "users" SET "session_token" = $1, "updated_at" = $2 WHERE "users"."id" = $3[0m  [["session_token", "Uwh47EIf4yLbw6tcZlwIGA"], ["updated_at", "2019-10-07 23:46:13.909478"], ["id", 1]]
  ↳ app/models/user.rb:27
  [1m[35m (25.7ms)[0m  [1m[35mCOMMIT[0m
  ↳ app/models/user.rb:27
  Rendering api/users/show.json.jbuilder
  Rendered api/users/_user.json.jbuilder (0.3ms)
  Rendered api/users/show.json.jbuilder (1.1ms)
Completed 200 OK in 215ms (Views: 5.6ms | ActiveRecord: 27.3ms)


Started DELETE "/api/session" for ::1 at 2019-10-07 16:46:16 -0700
Processing by Api::SessionsController#destroy as JSON
  [1m[36mUser Load (0.3ms)[0m  [1m[34mSELECT  "users".* FROM "users" WHERE "users"."session_token" = $1 LIMIT $2[0m  [["session_token", "Uwh47EIf4yLbw6tcZlwIGA"], ["LIMIT", 1]]
  ↳ app/controllers/application_controller.rb:8
  [1m[36mUser Load (0.2ms)[0m  [1m[34mSELECT  "users".* FROM "users" WHERE "users"."session_token" = $1 LIMIT $2[0m  [["session_token", "81_FoUlW_89ECikXUllhAA"], ["LIMIT", 1]]
  ↳ app/models/user.rb:43
  [1m[35m (0.1ms)[0m  [1m[35mBEGIN[0m
  ↳ app/models/user.rb:27
  [1m[36mUser Exists (0.3ms)[0m  [1m[34mSELECT  1 AS one FROM "users" WHERE "users"."email" = $1 AND "users"."id" != $2 LIMIT $3[0m  [["email", "pat"], ["id", 1], ["LIMIT", 1]]
  ↳ app/models/user.rb:27
  [1m[36mUser Update (0.3ms)[0m  [1m[33mUPDATE "users" SET "session_token" = $1, "updated_at" = $2 WHERE "users"."id" = $3[0m  [["session_token", "81_FoUlW_89ECikXUllhAA"], ["updated_at", "2019-10-07 23:46:16.562676"], ["id", 1]]
  ↳ app/models/user.rb:27
  [1m[35m (5.5ms)[0m  [1m[35mCOMMIT[0m
  ↳ app/models/user.rb:27
Completed 200 OK in 10ms (Views: 0.1ms | ActiveRecord: 6.7ms)


Started POST "/api/user" for ::1 at 2019-10-07 16:47:17 -0700
Processing by Api::UsersController#create as JSON
  Parameters: {"user"=>{"email"=>"asd", "password"=>"[FILTERED]", "first_name"=>"test", "last_name"=>"asdasd", "birth_date"=>"4321-12-31", "gender"=>"1234"}}
  [1m[36mUser Load (0.2ms)[0m  [1m[34mSELECT  "users".* FROM "users" WHERE "users"."session_token" = $1 LIMIT $2[0m  [["session_token", "B3b_iAh54R56Vr5YXoTLKQ"], ["LIMIT", 1]]
  ↳ app/models/user.rb:43
  [1m[35m (0.1ms)[0m  [1m[35mBEGIN[0m
  ↳ app/controllers/api/users_controller.rb:5
  [1m[36mUser Exists (0.2ms)[0m  [1m[34mSELECT  1 AS one FROM "users" WHERE "users"."email" = $1 LIMIT $2[0m  [["email", "asd"], ["LIMIT", 1]]
  ↳ app/controllers/api/users_controller.rb:5
  [1m[36mUser Create (0.3ms)[0m  [1m[32mINSERT INTO "users" ("email", "password_digest", "session_token", "created_at", "updated_at", "first_name", "last_name", "birth_date", "gender") VALUES ($1, $2, $3, $4, $5, $6, $7, $8, $9) RETURNING "id"[0m  [["email", "asd"], ["password_digest", "$2a$12$kXBJNs69IYkX/uNTRms0h../sj4P9wPrgmSBkcVMt0591DHs1Ezta"], ["session_token", "B3b_iAh54R56Vr5YXoTLKQ"], ["created_at", "2019-10-07 23:47:17.631077"], ["updated_at", "2019-10-07 23:47:17.631077"], ["first_name", "test"], ["last_name", "asdasd"], ["birth_date", "4321-12-31"], ["gender", "1234"]]
  ↳ app/controllers/api/users_controller.rb:5
  [1m[35m (5.3ms)[0m  [1m[35mCOMMIT[0m
  ↳ app/controllers/api/users_controller.rb:5
  [1m[36mUser Load (0.2ms)[0m  [1m[34mSELECT  "users".* FROM "users" WHERE "users"."session_token" = $1 LIMIT $2[0m  [["session_token", "ns9AUmrA6P-kjrcWXpeKkg"], ["LIMIT", 1]]
  ↳ app/models/user.rb:43
  [1m[35m (0.1ms)[0m  [1m[35mBEGIN[0m
  ↳ app/models/user.rb:27
  [1m[36mUser Exists (0.3ms)[0m  [1m[34mSELECT  1 AS one FROM "users" WHERE "users"."email" = $1 AND "users"."id" != $2 LIMIT $3[0m  [["email", "asd"], ["id", 2], ["LIMIT", 1]]
  ↳ app/models/user.rb:27
  [1m[36mUser Update (0.3ms)[0m  [1m[33mUPDATE "users" SET "session_token" = $1, "updated_at" = $2 WHERE "users"."id" = $3[0m  [["session_token", "ns9AUmrA6P-kjrcWXpeKkg"], ["updated_at", "2019-10-07 23:47:17.639628"], ["id", 2]]
  ↳ app/models/user.rb:27
  [1m[35m (0.3ms)[0m  [1m[35mCOMMIT[0m
  ↳ app/models/user.rb:27
  Rendering api/users/show.json.jbuilder
  Rendered api/users/_user.json.jbuilder (0.2ms)
  Rendered api/users/show.json.jbuilder (0.8ms)
Completed 200 OK in 190ms (Views: 4.2ms | ActiveRecord: 7.2ms)


Started DELETE "/api/session" for ::1 at 2019-10-07 16:47:49 -0700
Processing by Api::SessionsController#destroy as JSON
  [1m[36mUser Load (0.2ms)[0m  [1m[34mSELECT  "users".* FROM "users" WHERE "users"."session_token" = $1 LIMIT $2[0m  [["session_token", "ns9AUmrA6P-kjrcWXpeKkg"], ["LIMIT", 1]]
  ↳ app/controllers/application_controller.rb:8
  [1m[36mUser Load (0.3ms)[0m  [1m[34mSELECT  "users".* FROM "users" WHERE "users"."session_token" = $1 LIMIT $2[0m  [["session_token", "m6HHDl4xL1PtoVDGvjLzWQ"], ["LIMIT", 1]]
  ↳ app/models/user.rb:43
  [1m[35m (0.2ms)[0m  [1m[35mBEGIN[0m
  ↳ app/models/user.rb:27
  [1m[36mUser Exists (0.3ms)[0m  [1m[34mSELECT  1 AS one FROM "users" WHERE "users"."email" = $1 AND "users"."id" != $2 LIMIT $3[0m  [["email", "asd"], ["id", 2], ["LIMIT", 1]]
  ↳ app/models/user.rb:27
  [1m[36mUser Update (0.3ms)[0m  [1m[33mUPDATE "users" SET "session_token" = $1, "updated_at" = $2 WHERE "users"."id" = $3[0m  [["session_token", "m6HHDl4xL1PtoVDGvjLzWQ"], ["updated_at", "2019-10-07 23:47:50.002000"], ["id", 2]]
  ↳ app/models/user.rb:27
  [1m[35m (5.3ms)[0m  [1m[35mCOMMIT[0m
  ↳ app/models/user.rb:27
Completed 200 OK in 10ms (Views: 0.1ms | ActiveRecord: 6.5ms)


Started GET "/" for ::1 at 2019-10-07 16:48:27 -0700
Processing by StaticPagesController#root as HTML
  Rendering static_pages/root.html.erb within layouts/application
  Rendered static_pages/root.html.erb within layouts/application (0.4ms)
Completed 200 OK in 273ms (Views: 272.2ms | ActiveRecord: 0.0ms)


Started GET "/" for ::1 at 2019-10-07 16:49:27 -0700
Processing by StaticPagesController#root as HTML
  Rendering static_pages/root.html.erb within layouts/application
  Rendered static_pages/root.html.erb within layouts/application (0.4ms)
Completed 200 OK in 282ms (Views: 281.1ms | ActiveRecord: 0.0ms)


Started GET "/" for ::1 at 2019-10-07 16:50:34 -0700
Processing by StaticPagesController#root as HTML
  Rendering static_pages/root.html.erb within layouts/application
  Rendered static_pages/root.html.erb within layouts/application (0.4ms)
Completed 200 OK in 17ms (Views: 16.2ms | ActiveRecord: 0.0ms)


Started GET "/" for ::1 at 2019-10-07 16:51:09 -0700
Processing by StaticPagesController#root as HTML
  Rendering static_pages/root.html.erb within layouts/application
  Rendered static_pages/root.html.erb within layouts/application (0.7ms)
Completed 200 OK in 280ms (Views: 279.4ms | ActiveRecord: 0.0ms)


Started GET "/" for ::1 at 2019-10-07 16:51:43 -0700
Processing by StaticPagesController#root as HTML
  Rendering static_pages/root.html.erb within layouts/application
  Rendered static_pages/root.html.erb within layouts/application (0.8ms)
Completed 200 OK in 274ms (Views: 273.0ms | ActiveRecord: 0.0ms)


Started GET "/" for ::1 at 2019-10-07 16:52:20 -0700
Processing by StaticPagesController#root as HTML
  Rendering static_pages/root.html.erb within layouts/application
  Rendered static_pages/root.html.erb within layouts/application (0.6ms)
Completed 200 OK in 286ms (Views: 284.4ms | ActiveRecord: 0.0ms)


Started GET "/" for ::1 at 2019-10-07 16:55:11 -0700
Processing by StaticPagesController#root as HTML
  Rendering static_pages/root.html.erb within layouts/application
  Rendered static_pages/root.html.erb within layouts/application (0.6ms)
Completed 200 OK in 41ms (Views: 39.2ms | ActiveRecord: 0.0ms)


Started GET "/" for ::1 at 2019-10-07 16:57:30 -0700
Processing by StaticPagesController#root as HTML
  Rendering static_pages/root.html.erb within layouts/application
  Rendered static_pages/root.html.erb within layouts/application (0.7ms)
Completed 200 OK in 31ms (Views: 28.5ms | ActiveRecord: 0.0ms)


Started GET "/" for ::1 at 2019-10-07 16:58:31 -0700
Processing by StaticPagesController#root as HTML
  Rendering static_pages/root.html.erb within layouts/application
  Rendered static_pages/root.html.erb within layouts/application (0.7ms)
Completed 200 OK in 28ms (Views: 27.3ms | ActiveRecord: 0.0ms)


Started GET "/" for ::1 at 2019-10-07 16:58:36 -0700
Processing by StaticPagesController#root as HTML
  Rendering static_pages/root.html.erb within layouts/application
  Rendered static_pages/root.html.erb within layouts/application (0.4ms)
Completed 200 OK in 26ms (Views: 25.0ms | ActiveRecord: 0.0ms)


Started GET "/" for ::1 at 2019-10-07 16:59:17 -0700
Processing by StaticPagesController#root as HTML
  Rendering static_pages/root.html.erb within layouts/application
  Rendered static_pages/root.html.erb within layouts/application (0.8ms)
Completed 200 OK in 297ms (Views: 295.9ms | ActiveRecord: 0.0ms)


Started GET "/" for ::1 at 2019-10-07 16:59:26 -0700
Processing by StaticPagesController#root as HTML
  Rendering static_pages/root.html.erb within layouts/application
  Rendered static_pages/root.html.erb within layouts/application (0.6ms)
Completed 200 OK in 307ms (Views: 304.7ms | ActiveRecord: 0.0ms)


